{"/Volumes/DataDocument/CodeSpace/kysion.com/AI/packages/utils/src/crypto.ts": {"path":"/Volumes/DataDocument/CodeSpace/kysion.com/AI/packages/utils/src/crypto.ts","statementMap":{"0":{"start":{"line":1,"column":0},"end":{"line":1,"column":33}},"1":{"start":{"line":2,"column":0},"end":{"line":2,"column":30}},"2":{"start":{"line":9,"column":30},"end":{"line":9,"column":66}},"3":{"start":{"line":10,"column":25},"end":{"line":10,"column":56}},"4":{"start":{"line":12,"column":28},"end":{"line":35,"column":1}},"5":{"start":{"line":13,"column":18},"end":{"line":13,"column":78}},"6":{"start":{"line":14,"column":14},"end":{"line":19,"column":4}},"7":{"start":{"line":20,"column":18},"end":{"line":22,"column":3}},"8":{"start":{"line":21,"column":4},"end":{"line":21,"column":63}},"9":{"start":{"line":24,"column":18},"end":{"line":27,"column":3}},"10":{"start":{"line":25,"column":18},"end":{"line":25,"column":67}},"11":{"start":{"line":26,"column":4},"end":{"line":26,"column":46}},"12":{"start":{"line":29,"column":25},"end":{"line":32,"column":null}},"13":{"start":{"line":34,"column":2},"end":{"line":34,"column":16}},"14":{"start":{"line":12,"column":13},"end":{"line":12,"column":28}}},"fnMap":{"0":{"name":"(anonymous_1)","decl":{"start":{"line":12,"column":28},"end":{"line":12,"column":38}},"loc":{"start":{"line":12,"column":50},"end":{"line":35,"column":1}}},"1":{"name":"(anonymous_2)","decl":{"start":{"line":20,"column":18},"end":{"line":20,"column":19}},"loc":{"start":{"line":20,"column":35},"end":{"line":22,"column":3}}},"2":{"name":"(anonymous_3)","decl":{"start":{"line":24,"column":18},"end":{"line":24,"column":19}},"loc":{"start":{"line":24,"column":44},"end":{"line":27,"column":3}}}},"branchMap":{"0":{"loc":{"start":{"line":13,"column":18},"end":{"line":13,"column":78}},"type":"binary-expr","locations":[{"start":{"line":13,"column":18},"end":{"line":13,"column":21}},{"start":{"line":13,"column":25},"end":{"line":13,"column":46}},{"start":{"line":13,"column":50},"end":{"line":13,"column":66}},{"start":{"line":13,"column":70},"end":{"line":13,"column":78}}]}},"s":{"0":1,"1":1,"2":1,"3":1,"4":1,"5":0,"6":0,"7":0,"8":0,"9":0,"10":0,"11":0,"12":0,"13":0,"14":1},"f":{"0":0,"1":0,"2":0},"b":{"0":[0,0,0,0]}}
,"/Volumes/DataDocument/CodeSpace/kysion.com/AI/packages/utils/src/funs.ts": {"path":"/Volumes/DataDocument/CodeSpace/kysion.com/AI/packages/utils/src/funs.ts","statementMap":{"0":{"start":{"line":3,"column":4},"end":{"line":8,"column":null}},"1":{"start":{"line":4,"column":21},"end":{"line":4,"column":37}},"2":{"start":{"line":5,"column":6},"end":{"line":5,"column":33}},"3":{"start":{"line":6,"column":6},"end":{"line":6,"column":61}},"4":{"start":{"line":6,"column":28},"end":{"line":6,"column":60}},"5":{"start":{"line":7,"column":6},"end":{"line":7,"column":48}},"6":{"start":{"line":7,"column":34},"end":{"line":7,"column":47}},"7":{"start":{"line":17,"column":4},"end":{"line":19,"column":5}},"8":{"start":{"line":18,"column":6},"end":{"line":18,"column":69}},"9":{"start":{"line":23,"column":4},"end":{"line":25,"column":5}},"10":{"start":{"line":24,"column":6},"end":{"line":24,"column":52}},"11":{"start":{"line":28,"column":4},"end":{"line":34,"column":5}},"12":{"start":{"line":29,"column":6},"end":{"line":31,"column":7}},"13":{"start":{"line":30,"column":8},"end":{"line":30,"column":63}},"14":{"start":{"line":37,"column":4},"end":{"line":44,"column":5}},"15":{"start":{"line":38,"column":33},"end":{"line":38,"column":48}},"16":{"start":{"line":40,"column":26},"end":{"line":40,"column":78}},"17":{"start":{"line":42,"column":24},"end":{"line":42,"column":67}},"18":{"start":{"line":43,"column":6},"end":{"line":43,"column":38}},"19":{"start":{"line":47,"column":4},"end":{"line":53,"column":5}},"20":{"start":{"line":49,"column":25},"end":{"line":49,"column":85}},"21":{"start":{"line":50,"column":6},"end":{"line":50,"column":25}},"22":{"start":{"line":52,"column":6},"end":{"line":52,"column":19}},"23":{"start":{"line":63,"column":22},"end":{"line":63,"column":28}},"24":{"start":{"line":64,"column":24},"end":{"line":64,"column":27}},"25":{"start":{"line":68,"column":6},"end":{"line":72,"column":8}},"26":{"start":{"line":76,"column":18},"end":{"line":76,"column":89}},"27":{"start":{"line":76,"column":45},"end":{"line":76,"column":88}},"28":{"start":{"line":77,"column":19},"end":{"line":77,"column":97}},"29":{"start":{"line":77,"column":46},"end":{"line":77,"column":96}},"30":{"start":{"line":78,"column":19},"end":{"line":78,"column":97}},"31":{"start":{"line":78,"column":46},"end":{"line":78,"column":96}},"32":{"start":{"line":81,"column":4},"end":{"line":83,"column":42}},"33":{"start":{"line":81,"column":15},"end":{"line":81,"column":35}},"34":{"start":{"line":82,"column":9},"end":{"line":83,"column":42}},"35":{"start":{"line":82,"column":21},"end":{"line":82,"column":42}},"36":{"start":{"line":83,"column":9},"end":{"line":83,"column":42}},"37":{"start":{"line":83,"column":21},"end":{"line":83,"column":42}},"38":{"start":{"line":86,"column":4},"end":{"line":117,"column":5}},"39":{"start":{"line":88,"column":28},"end":{"line":88,"column":30}},"40":{"start":{"line":90,"column":6},"end":{"line":105,"column":7}},"41":{"start":{"line":93,"column":10},"end":{"line":93,"column":61}},"42":{"start":{"line":94,"column":10},"end":{"line":94,"column":16}},"43":{"start":{"line":96,"column":10},"end":{"line":96,"column":63}},"44":{"start":{"line":97,"column":10},"end":{"line":97,"column":16}},"45":{"start":{"line":100,"column":10},"end":{"line":100,"column":63}},"46":{"start":{"line":101,"column":10},"end":{"line":101,"column":16}},"47":{"start":{"line":104,"column":10},"end":{"line":104,"column":34}},"48":{"start":{"line":108,"column":6},"end":{"line":108,"column":30}},"49":{"start":{"line":111,"column":6},"end":{"line":116,"column":7}},"50":{"start":{"line":112,"column":8},"end":{"line":115,"column":9}},"51":{"start":{"line":113,"column":10},"end":{"line":113,"column":44}},"52":{"start":{"line":114,"column":10},"end":{"line":114,"column":16}},"53":{"start":{"line":119,"column":4},"end":{"line":119,"column":31}},"54":{"start":{"line":147,"column":4},"end":{"line":152,"column":5}},"55":{"start":{"line":148,"column":6},"end":{"line":151,"column":null}},"56":{"start":{"line":155,"column":20},"end":{"line":155,"column":37}},"57":{"start":{"line":156,"column":4},"end":{"line":161,"column":5}},"58":{"start":{"line":157,"column":6},"end":{"line":160,"column":null}},"59":{"start":{"line":163,"column":4},"end":{"line":199,"column":5}},"60":{"start":{"line":165,"column":21},"end":{"line":165,"column":40}},"61":{"start":{"line":168,"column":6},"end":{"line":173,"column":7}},"62":{"start":{"line":169,"column":8},"end":{"line":172,"column":null}},"63":{"start":{"line":176,"column":21},"end":{"line":176,"column":55}},"64":{"start":{"line":177,"column":6},"end":{"line":177,"column":null}},"65":{"start":{"line":177,"column":21},"end":{"line":177,"column":null}},"66":{"start":{"line":178,"column":6},"end":{"line":178,"column":null}},"67":{"start":{"line":181,"column":25},"end":{"line":181,"column":46}},"68":{"start":{"line":182,"column":6},"end":{"line":192,"column":7}},"69":{"start":{"line":183,"column":8},"end":{"line":183,"column":null}},"70":{"start":{"line":186,"column":22},"end":{"line":186,"column":58}},"71":{"start":{"line":187,"column":8},"end":{"line":191,"column":9}},"72":{"start":{"line":188,"column":27},"end":{"line":188,"column":45}},"73":{"start":{"line":189,"column":26},"end":{"line":189,"column":85}},"74":{"start":{"line":190,"column":10},"end":{"line":190,"column":null}},"75":{"start":{"line":194,"column":6},"end":{"line":198,"column":null}},"76":{"start":{"line":1,"column":0},"end":{"line":1,"column":13}}},"fnMap":{"0":{"name":"(anonymous_0)","decl":{"start":{"line":2,"column":9},"end":{"line":2,"column":15}},"loc":{"start":{"line":2,"column":34},"end":{"line":9,"column":3}}},"1":{"name":"(anonymous_1)","decl":{"start":{"line":3,"column":23},"end":{"line":3,"column":24}},"loc":{"start":{"line":3,"column":43},"end":{"line":8,"column":5}}},"2":{"name":"(anonymous_2)","decl":{"start":{"line":6,"column":22},"end":{"line":6,"column":25}},"loc":{"start":{"line":6,"column":28},"end":{"line":6,"column":60}}},"3":{"name":"(anonymous_3)","decl":{"start":{"line":7,"column":23},"end":{"line":7,"column":24}},"loc":{"start":{"line":7,"column":34},"end":{"line":7,"column":47}}},"4":{"name":"(anonymous_4)","decl":{"start":{"line":16,"column":9},"end":{"line":16,"column":15}},"loc":{"start":{"line":16,"column":46},"end":{"line":54,"column":3}}},"5":{"name":"(anonymous_5)","decl":{"start":{"line":62,"column":9},"end":{"line":62,"column":15}},"loc":{"start":{"line":62,"column":46},"end":{"line":133,"column":3}}},"6":{"name":"(anonymous_6)","decl":{"start":{"line":76,"column":40},"end":{"line":76,"column":41}},"loc":{"start":{"line":76,"column":45},"end":{"line":76,"column":88}}},"7":{"name":"(anonymous_7)","decl":{"start":{"line":77,"column":41},"end":{"line":77,"column":42}},"loc":{"start":{"line":77,"column":46},"end":{"line":77,"column":96}}},"8":{"name":"(anonymous_8)","decl":{"start":{"line":78,"column":41},"end":{"line":78,"column":42}},"loc":{"start":{"line":78,"column":46},"end":{"line":78,"column":96}}},"9":{"name":"(anonymous_9)","decl":{"start":{"line":145,"column":9},"end":{"line":145,"column":15}},"loc":{"start":{"line":145,"column":66},"end":{"line":224,"column":3}}}},"branchMap":{"0":{"loc":{"start":{"line":17,"column":4},"end":{"line":19,"column":5}},"type":"if","locations":[{"start":{"line":17,"column":4},"end":{"line":19,"column":5}}]},"1":{"loc":{"start":{"line":23,"column":4},"end":{"line":25,"column":5}},"type":"if","locations":[{"start":{"line":23,"column":4},"end":{"line":25,"column":5}}]},"2":{"loc":{"start":{"line":23,"column":8},"end":{"line":23,"column":63}},"type":"binary-expr","locations":[{"start":{"line":23,"column":8},"end":{"line":23,"column":38}},{"start":{"line":23,"column":42},"end":{"line":23,"column":63}}]},"3":{"loc":{"start":{"line":29,"column":6},"end":{"line":31,"column":7}},"type":"if","locations":[{"start":{"line":29,"column":6},"end":{"line":31,"column":7}}]},"4":{"loc":{"start":{"line":29,"column":10},"end":{"line":29,"column":78}},"type":"binary-expr","locations":[{"start":{"line":29,"column":10},"end":{"line":29,"column":44}},{"start":{"line":29,"column":49},"end":{"line":29,"column":78}}]},"5":{"loc":{"start":{"line":37,"column":4},"end":{"line":44,"column":5}},"type":"if","locations":[{"start":{"line":37,"column":4},"end":{"line":44,"column":5}}]},"6":{"loc":{"start":{"line":37,"column":8},"end":{"line":37,"column":56}},"type":"binary-expr","locations":[{"start":{"line":37,"column":8},"end":{"line":37,"column":37}},{"start":{"line":37,"column":41},"end":{"line":37,"column":56}}]},"7":{"loc":{"start":{"line":43,"column":13},"end":{"line":43,"column":37}},"type":"binary-expr","locations":[{"start":{"line":43,"column":13},"end":{"line":43,"column":24}},{"start":{"line":43,"column":28},"end":{"line":43,"column":37}}]},"8":{"loc":{"start":{"line":68,"column":6},"end":{"line":72,"column":8}},"type":"binary-expr","locations":[{"start":{"line":68,"column":7},"end":{"line":68,"column":37}},{"start":{"line":68,"column":41},"end":{"line":68,"column":53}},{"start":{"line":70,"column":7},"end":{"line":70,"column":41}},{"start":{"line":70,"column":46},"end":{"line":70,"column":70}},{"start":{"line":72,"column":6},"end":{"line":72,"column":8}}]},"9":{"loc":{"start":{"line":76,"column":45},"end":{"line":76,"column":88}},"type":"binary-expr","locations":[{"start":{"line":76,"column":45},"end":{"line":76,"column":69}},{"start":{"line":76,"column":73},"end":{"line":76,"column":88}}]},"10":{"loc":{"start":{"line":77,"column":46},"end":{"line":77,"column":96}},"type":"binary-expr","locations":[{"start":{"line":77,"column":46},"end":{"line":77,"column":71}},{"start":{"line":77,"column":75},"end":{"line":77,"column":96}}]},"11":{"loc":{"start":{"line":78,"column":46},"end":{"line":78,"column":96}},"type":"binary-expr","locations":[{"start":{"line":78,"column":46},"end":{"line":78,"column":71}},{"start":{"line":78,"column":75},"end":{"line":78,"column":96}}]},"12":{"loc":{"start":{"line":81,"column":4},"end":{"line":83,"column":42}},"type":"if","locations":[{"start":{"line":81,"column":4},"end":{"line":83,"column":42}},{"start":{"line":82,"column":9},"end":{"line":83,"column":42}}]},"13":{"loc":{"start":{"line":82,"column":9},"end":{"line":83,"column":42}},"type":"if","locations":[{"start":{"line":82,"column":9},"end":{"line":83,"column":42}},{"start":{"line":83,"column":9},"end":{"line":83,"column":42}}]},"14":{"loc":{"start":{"line":83,"column":9},"end":{"line":83,"column":42}},"type":"if","locations":[{"start":{"line":83,"column":9},"end":{"line":83,"column":42}}]},"15":{"loc":{"start":{"line":86,"column":4},"end":{"line":117,"column":5}},"type":"if","locations":[{"start":{"line":86,"column":4},"end":{"line":117,"column":5}}]},"16":{"loc":{"start":{"line":90,"column":6},"end":{"line":105,"column":7}},"type":"switch","locations":[{"start":{"line":91,"column":8},"end":{"line":94,"column":16}},{"start":{"line":95,"column":8},"end":{"line":97,"column":16}},{"start":{"line":98,"column":8},"end":{"line":101,"column":16}},{"start":{"line":102,"column":8},"end":{"line":104,"column":34}}]},"17":{"loc":{"start":{"line":112,"column":8},"end":{"line":115,"column":9}},"type":"if","locations":[{"start":{"line":112,"column":8},"end":{"line":115,"column":9}}]},"18":{"loc":{"start":{"line":119,"column":11},"end":{"line":119,"column":30}},"type":"binary-expr","locations":[{"start":{"line":119,"column":11},"end":{"line":119,"column":24}},{"start":{"line":119,"column":28},"end":{"line":119,"column":30}}]},"19":{"loc":{"start":{"line":145,"column":49},"end":{"line":145,"column":66}},"type":"default-arg","locations":[{"start":{"line":145,"column":61},"end":{"line":145,"column":66}}]},"20":{"loc":{"start":{"line":147,"column":4},"end":{"line":152,"column":5}},"type":"if","locations":[{"start":{"line":147,"column":4},"end":{"line":152,"column":5}}]},"21":{"loc":{"start":{"line":156,"column":4},"end":{"line":161,"column":5}},"type":"if","locations":[{"start":{"line":156,"column":4},"end":{"line":161,"column":5}}]},"22":{"loc":{"start":{"line":168,"column":6},"end":{"line":173,"column":7}},"type":"if","locations":[{"start":{"line":168,"column":6},"end":{"line":173,"column":7}}]},"23":{"loc":{"start":{"line":168,"column":10},"end":{"line":168,"column":76}},"type":"binary-expr","locations":[{"start":{"line":168,"column":10},"end":{"line":168,"column":20}},{"start":{"line":168,"column":24},"end":{"line":168,"column":50}},{"start":{"line":168,"column":54},"end":{"line":168,"column":76}}]},"24":{"loc":{"start":{"line":177,"column":6},"end":{"line":177,"column":null}},"type":"if","locations":[{"start":{"line":177,"column":6},"end":{"line":177,"column":null}}]},"25":{"loc":{"start":{"line":182,"column":6},"end":{"line":192,"column":7}},"type":"if","locations":[{"start":{"line":182,"column":6},"end":{"line":192,"column":7}}]},"26":{"loc":{"start":{"line":187,"column":8},"end":{"line":191,"column":9}},"type":"if","locations":[{"start":{"line":187,"column":8},"end":{"line":191,"column":9}}]}},"s":{"0":0,"1":0,"2":0,"3":0,"4":0,"5":0,"6":0,"7":0,"8":0,"9":0,"10":0,"11":0,"12":0,"13":0,"14":0,"15":0,"16":0,"17":0,"18":0,"19":0,"20":0,"21":0,"22":0,"23":0,"24":0,"25":0,"26":0,"27":0,"28":0,"29":0,"30":0,"31":0,"32":0,"33":0,"34":0,"35":0,"36":0,"37":0,"38":0,"39":0,"40":0,"41":0,"42":0,"43":0,"44":0,"45":0,"46":0,"47":0,"48":0,"49":0,"50":0,"51":0,"52":0,"53":0,"54":0,"55":0,"56":0,"57":0,"58":0,"59":0,"60":0,"61":0,"62":0,"63":0,"64":0,"65":0,"66":0,"67":0,"68":0,"69":0,"70":0,"71":0,"72":0,"73":0,"74":0,"75":0,"76":0},"f":{"0":0,"1":0,"2":0,"3":0,"4":0,"5":0,"6":0,"7":0,"8":0,"9":0},"b":{"0":[0],"1":[0],"2":[0,0],"3":[0],"4":[0,0],"5":[0],"6":[0,0],"7":[0,0],"8":[0,0,0,0,0],"9":[0,0],"10":[0,0],"11":[0,0],"12":[0,0],"13":[0,0],"14":[0],"15":[0],"16":[0,0,0,0],"17":[0],"18":[0,0],"19":[0],"20":[0],"21":[0],"22":[0],"23":[0,0,0],"24":[0],"25":[0],"26":[0]}}
,"/Volumes/DataDocument/CodeSpace/kysion.com/AI/packages/utils/src/klona.ts": {"path":"/Volumes/DataDocument/CodeSpace/kysion.com/AI/packages/utils/src/klona.ts","statementMap":{"0":{"start":{"line":1,"column":0},"end":{"line":1,"column":18}},"1":{"start":{"line":3,"column":9},"end":{"line":1,"column":48}}},"fnMap":{"0":{"name":"(anonymous_0)","decl":{"start":{"line":3,"column":9},"end":{"line":3,"column":18}},"loc":{"start":{"line":3,"column":9},"end":{"line":1,"column":48}}}},"branchMap":{},"s":{"0":0,"1":0},"f":{"0":0},"b":{}}
,"/Volumes/DataDocument/CodeSpace/kysion.com/AI/packages/utils/src/nanoid.ts": {"path":"/Volumes/DataDocument/CodeSpace/kysion.com/AI/packages/utils/src/nanoid.ts","statementMap":{"0":{"start":{"line":1,"column":0},"end":{"line":1,"column":9}},"1":{"start":{"line":3,"column":9},"end":{"line":1,"column":32}}},"fnMap":{"0":{"name":"(anonymous_0)","decl":{"start":{"line":3,"column":9},"end":{"line":3,"column":15}},"loc":{"start":{"line":3,"column":9},"end":{"line":1,"column":32}}}},"branchMap":{},"s":{"0":1,"1":1},"f":{"0":0},"b":{}}
,"/Volumes/DataDocument/CodeSpace/kysion.com/AI/packages/utils/src/storage.ts": {"path":"/Volumes/DataDocument/CodeSpace/kysion.com/AI/packages/utils/src/storage.ts","statementMap":{"0":{"start":{"line":1,"column":0},"end":{"line":1,"column":37}},"1":{"start":{"line":2,"column":0},"end":{"line":2,"column":47}},"2":{"start":{"line":17,"column":26},"end":{"line":17,"column":58}},"3":{"start":{"line":22,"column":25},"end":{"line":22,"column":52}},"4":{"start":{"line":58,"column":4},"end":{"line":58,"column":92}},"5":{"start":{"line":59,"column":4},"end":{"line":59,"column":46}},"6":{"start":{"line":60,"column":4},"end":{"line":60,"column":80}},"7":{"start":{"line":61,"column":4},"end":{"line":61,"column":67}},"8":{"start":{"line":71,"column":19},"end":{"line":71,"column":67}},"9":{"start":{"line":74,"column":40},"end":{"line":78,"column":6}},"10":{"start":{"line":81,"column":20},"end":{"line":81,"column":40}},"11":{"start":{"line":83,"column":4},"end":{"line":90,"column":5}},"12":{"start":{"line":85,"column":19},"end":{"line":85,"column":47}},"13":{"start":{"line":86,"column":6},"end":{"line":86,"column":41}},"14":{"start":{"line":89,"column":6},"end":{"line":89,"column":44}},"15":{"start":{"line":92,"column":4},"end":{"line":92,"column":16}},"16":{"start":{"line":103,"column":19},"end":{"line":103,"column":60}},"17":{"start":{"line":105,"column":23},"end":{"line":105,"column":51}},"18":{"start":{"line":108,"column":4},"end":{"line":146,"column":5}},"19":{"start":{"line":109,"column":6},"end":{"line":145,"column":7}},"20":{"start":{"line":113,"column":8},"end":{"line":124,"column":9}},"21":{"start":{"line":115,"column":26},"end":{"line":115,"column":57}},"22":{"start":{"line":117,"column":10},"end":{"line":120,"column":11}},"23":{"start":{"line":119,"column":12},"end":{"line":119,"column":null}},"24":{"start":{"line":123,"column":10},"end":{"line":123,"column":null}},"25":{"start":{"line":127,"column":8},"end":{"line":131,"column":9}},"26":{"start":{"line":129,"column":10},"end":{"line":129,"column":30}},"27":{"start":{"line":130,"column":10},"end":{"line":130,"column":27}},"28":{"start":{"line":134,"column":8},"end":{"line":138,"column":9}},"29":{"start":{"line":136,"column":10},"end":{"line":136,"column":30}},"30":{"start":{"line":137,"column":10},"end":{"line":137,"column":27}},"31":{"start":{"line":141,"column":8},"end":{"line":141,"column":25}},"32":{"start":{"line":144,"column":8},"end":{"line":144,"column":25}},"33":{"start":{"line":148,"column":4},"end":{"line":148,"column":21}},"34":{"start":{"line":157,"column":19},"end":{"line":157,"column":60}},"35":{"start":{"line":158,"column":4},"end":{"line":158,"column":36}},"36":{"start":{"line":162,"column":4},"end":{"line":162,"column":18}},"37":{"start":{"line":169,"column":4},"end":{"line":169,"column":25}},"38":{"start":{"line":47,"column":0},"end":{"line":47,"column":13}}},"fnMap":{"0":{"name":"(anonymous_1)","decl":{"start":{"line":57,"column":2},"end":{"line":57,"column":14}},"loc":{"start":{"line":57,"column":41},"end":{"line":62,"column":3}}},"1":{"name":"(anonymous_2)","decl":{"start":{"line":69,"column":2},"end":{"line":69,"column":5}},"loc":{"start":{"line":69,"column":84},"end":{"line":93,"column":3}}},"2":{"name":"(anonymous_3)","decl":{"start":{"line":101,"column":2},"end":{"line":101,"column":5}},"loc":{"start":{"line":101,"column":78},"end":{"line":149,"column":3}}},"3":{"name":"(anonymous_4)","decl":{"start":{"line":155,"column":2},"end":{"line":155,"column":8}},"loc":{"start":{"line":155,"column":21},"end":{"line":159,"column":3}}},"4":{"name":"(anonymous_5)","decl":{"start":{"line":161,"column":2},"end":{"line":161,"column":7}},"loc":{"start":{"line":161,"column":7},"end":{"line":163,"column":3}}},"5":{"name":"(anonymous_6)","decl":{"start":{"line":168,"column":2},"end":{"line":168,"column":7}},"loc":{"start":{"line":168,"column":7},"end":{"line":170,"column":3}}}},"branchMap":{"0":{"loc":{"start":{"line":58,"column":18},"end":{"line":58,"column":91}},"type":"cond-expr","locations":[{"start":{"line":58,"column":43},"end":{"line":58,"column":57}},{"start":{"line":58,"column":60},"end":{"line":58,"column":91}}]},"1":{"loc":{"start":{"line":58,"column":60},"end":{"line":58,"column":91}},"type":"binary-expr","locations":[{"start":{"line":58,"column":60},"end":{"line":58,"column":73}},{"start":{"line":58,"column":77},"end":{"line":58,"column":91}}]},"2":{"loc":{"start":{"line":59,"column":22},"end":{"line":59,"column":45}},"type":"binary-expr","locations":[{"start":{"line":59,"column":22},"end":{"line":59,"column":39}},{"start":{"line":59,"column":43},"end":{"line":59,"column":45}}]},"3":{"loc":{"start":{"line":60,"column":22},"end":{"line":60,"column":72}},"type":"binary-expr","locations":[{"start":{"line":60,"column":22},"end":{"line":60,"column":38}},{"start":{"line":60,"column":43},"end":{"line":60,"column":59}},{"start":{"line":60,"column":63},"end":{"line":60,"column":71}}]},"4":{"loc":{"start":{"line":61,"column":19},"end":{"line":61,"column":66}},"type":"binary-expr","locations":[{"start":{"line":61,"column":19},"end":{"line":61,"column":33}},{"start":{"line":61,"column":37},"end":{"line":61,"column":54}},{"start":{"line":61,"column":58},"end":{"line":61,"column":66}}]},"5":{"loc":{"start":{"line":71,"column":37},"end":{"line":71,"column":66}},"type":"binary-expr","locations":[{"start":{"line":71,"column":37},"end":{"line":71,"column":47}},{"start":{"line":71,"column":51},"end":{"line":71,"column":66}}]},"6":{"loc":{"start":{"line":76,"column":18},"end":{"line":76,"column":151}},"type":"cond-expr","locations":[{"start":{"line":76,"column":36},"end":{"line":76,"column":58}},{"start":{"line":76,"column":62},"end":{"line":76,"column":150}}]},"7":{"loc":{"start":{"line":76,"column":62},"end":{"line":76,"column":150}},"type":"cond-expr","locations":[{"start":{"line":76,"column":88},"end":{"line":76,"column":138}},{"start":{"line":76,"column":141},"end":{"line":76,"column":150}}]},"8":{"loc":{"start":{"line":83,"column":4},"end":{"line":90,"column":5}},"type":"if","locations":[{"start":{"line":83,"column":4},"end":{"line":90,"column":5}},{"start":{"line":87,"column":11},"end":{"line":90,"column":5}}]},"9":{"loc":{"start":{"line":83,"column":8},"end":{"line":83,"column":44}},"type":"binary-expr","locations":[{"start":{"line":83,"column":8},"end":{"line":83,"column":29}},{"start":{"line":83,"column":33},"end":{"line":83,"column":44}}]},"10":{"loc":{"start":{"line":103,"column":37},"end":{"line":103,"column":59}},"type":"binary-expr","locations":[{"start":{"line":103,"column":37},"end":{"line":103,"column":40}},{"start":{"line":103,"column":44},"end":{"line":103,"column":59}}]},"11":{"loc":{"start":{"line":108,"column":4},"end":{"line":146,"column":5}},"type":"if","locations":[{"start":{"line":108,"column":4},"end":{"line":146,"column":5}}]},"12":{"loc":{"start":{"line":113,"column":8},"end":{"line":124,"column":9}},"type":"if","locations":[{"start":{"line":113,"column":8},"end":{"line":124,"column":9}},{"start":{"line":121,"column":15},"end":{"line":124,"column":9}}]},"13":{"loc":{"start":{"line":113,"column":12},"end":{"line":113,"column":48}},"type":"binary-expr","locations":[{"start":{"line":113,"column":12},"end":{"line":113,"column":33}},{"start":{"line":113,"column":37},"end":{"line":113,"column":48}}]},"14":{"loc":{"start":{"line":117,"column":10},"end":{"line":120,"column":11}},"type":"if","locations":[{"start":{"line":117,"column":10},"end":{"line":120,"column":11}}]},"15":{"loc":{"start":{"line":127,"column":8},"end":{"line":131,"column":9}},"type":"if","locations":[{"start":{"line":127,"column":8},"end":{"line":131,"column":9}}]},"16":{"loc":{"start":{"line":127,"column":12},"end":{"line":127,"column":82}},"type":"binary-expr","locations":[{"start":{"line":127,"column":12},"end":{"line":127,"column":17}},{"start":{"line":127,"column":21},"end":{"line":127,"column":36}},{"start":{"line":127,"column":40},"end":{"line":127,"column":82}}]},"17":{"loc":{"start":{"line":134,"column":8},"end":{"line":138,"column":9}},"type":"if","locations":[{"start":{"line":134,"column":8},"end":{"line":138,"column":9}}]},"18":{"loc":{"start":{"line":157,"column":37},"end":{"line":157,"column":59}},"type":"binary-expr","locations":[{"start":{"line":157,"column":37},"end":{"line":157,"column":40}},{"start":{"line":157,"column":44},"end":{"line":157,"column":59}}]}},"s":{"0":0,"1":0,"2":0,"3":0,"4":0,"5":0,"6":0,"7":0,"8":0,"9":0,"10":0,"11":0,"12":0,"13":0,"14":0,"15":0,"16":0,"17":0,"18":0,"19":0,"20":0,"21":0,"22":0,"23":0,"24":0,"25":0,"26":0,"27":0,"28":0,"29":0,"30":0,"31":0,"32":0,"33":0,"34":0,"35":0,"36":0,"37":0,"38":0},"f":{"0":0,"1":0,"2":0,"3":0,"4":0,"5":0},"b":{"0":[0,0],"1":[0,0],"2":[0,0],"3":[0,0,0],"4":[0,0,0],"5":[0,0],"6":[0,0],"7":[0,0],"8":[0,0],"9":[0,0],"10":[0,0],"11":[0],"12":[0,0],"13":[0,0],"14":[0],"15":[0],"16":[0,0,0],"17":[0],"18":[0,0]}}
,"/Volumes/DataDocument/CodeSpace/kysion.com/AI/packages/utils/src/validate.ts": {"path":"/Volumes/DataDocument/CodeSpace/kysion.com/AI/packages/utils/src/validate.ts","statementMap":{"0":{"start":{"line":62,"column":0},"end":{"line":62,"column":16}},"1":{"start":{"line":10,"column":36},"end":{"line":13,"column":1}},"2":{"start":{"line":11,"column":20},"end":{"line":11,"column":35}},"3":{"start":{"line":12,"column":4},"end":{"line":12,"column":32}},"4":{"start":{"line":10,"column":13},"end":{"line":10,"column":36}},"5":{"start":{"line":20,"column":28},"end":{"line":23,"column":1}},"6":{"start":{"line":21,"column":20},"end":{"line":21,"column":69}},"7":{"start":{"line":22,"column":4},"end":{"line":22,"column":31}},"8":{"start":{"line":20,"column":13},"end":{"line":20,"column":28}},"9":{"start":{"line":30,"column":31},"end":{"line":33,"column":1}},"10":{"start":{"line":31,"column":20},"end":{"line":31,"column":50}},"11":{"start":{"line":32,"column":4},"end":{"line":32,"column":34}},"12":{"start":{"line":30,"column":13},"end":{"line":30,"column":31}},"13":{"start":{"line":40,"column":35},"end":{"line":60,"column":1}},"14":{"start":{"line":41,"column":4},"end":{"line":41,"column":38}},"15":{"start":{"line":41,"column":29},"end":{"line":41,"column":38}},"16":{"start":{"line":43,"column":19},"end":{"line":43,"column":20}},"17":{"start":{"line":45,"column":4},"end":{"line":45,"column":40}},"18":{"start":{"line":45,"column":29},"end":{"line":45,"column":40}},"19":{"start":{"line":47,"column":4},"end":{"line":47,"column":43}},"20":{"start":{"line":47,"column":32},"end":{"line":47,"column":43}},"21":{"start":{"line":49,"column":4},"end":{"line":49,"column":43}},"22":{"start":{"line":49,"column":32},"end":{"line":49,"column":43}},"23":{"start":{"line":51,"column":4},"end":{"line":51,"column":50}},"24":{"start":{"line":51,"column":39},"end":{"line":51,"column":50}},"25":{"start":{"line":54,"column":4},"end":{"line":58,"column":5}},"26":{"start":{"line":55,"column":8},"end":{"line":55,"column":17}},"27":{"start":{"line":56,"column":11},"end":{"line":58,"column":5}},"28":{"start":{"line":57,"column":8},"end":{"line":57,"column":17}},"29":{"start":{"line":59,"column":4},"end":{"line":59,"column":13}},"30":{"start":{"line":40,"column":13},"end":{"line":40,"column":35}},"31":{"start":{"line":64,"column":24},"end":{"line":96,"column":6}},"32":{"start":{"line":98,"column":4},"end":{"line":105,"column":5}},"33":{"start":{"line":100,"column":8},"end":{"line":104,"column":9}},"34":{"start":{"line":102,"column":12},"end":{"line":102,"column":24}},"35":{"start":{"line":108,"column":4},"end":{"line":108,"column":17}}},"fnMap":{"0":{"name":"(anonymous_0)","decl":{"start":{"line":10,"column":36},"end":{"line":10,"column":37}},"loc":{"start":{"line":10,"column":64},"end":{"line":13,"column":1}}},"1":{"name":"(anonymous_1)","decl":{"start":{"line":20,"column":28},"end":{"line":20,"column":29}},"loc":{"start":{"line":20,"column":55},"end":{"line":23,"column":1}}},"2":{"name":"(anonymous_2)","decl":{"start":{"line":30,"column":31},"end":{"line":30,"column":32}},"loc":{"start":{"line":30,"column":61},"end":{"line":33,"column":1}}},"3":{"name":"(anonymous_3)","decl":{"start":{"line":40,"column":35},"end":{"line":40,"column":36}},"loc":{"start":{"line":40,"column":64},"end":{"line":60,"column":1}}},"4":{"name":"validateDate","decl":{"start":{"line":62,"column":16},"end":{"line":62,"column":28}},"loc":{"start":{"line":62,"column":40},"end":{"line":109,"column":1}}}},"branchMap":{"0":{"loc":{"start":{"line":41,"column":4},"end":{"line":41,"column":38}},"type":"if","locations":[{"start":{"line":41,"column":4},"end":{"line":41,"column":38}}]},"1":{"loc":{"start":{"line":45,"column":4},"end":{"line":45,"column":40}},"type":"if","locations":[{"start":{"line":45,"column":4},"end":{"line":45,"column":40}}]},"2":{"loc":{"start":{"line":47,"column":4},"end":{"line":47,"column":43}},"type":"if","locations":[{"start":{"line":47,"column":4},"end":{"line":47,"column":43}}]},"3":{"loc":{"start":{"line":49,"column":4},"end":{"line":49,"column":43}},"type":"if","locations":[{"start":{"line":49,"column":4},"end":{"line":49,"column":43}}]},"4":{"loc":{"start":{"line":51,"column":4},"end":{"line":51,"column":50}},"type":"if","locations":[{"start":{"line":51,"column":4},"end":{"line":51,"column":50}}]},"5":{"loc":{"start":{"line":54,"column":4},"end":{"line":58,"column":5}},"type":"if","locations":[{"start":{"line":54,"column":4},"end":{"line":58,"column":5}},{"start":{"line":56,"column":11},"end":{"line":58,"column":5}}]},"6":{"loc":{"start":{"line":54,"column":8},"end":{"line":54,"column":46}},"type":"binary-expr","locations":[{"start":{"line":54,"column":8},"end":{"line":54,"column":29}},{"start":{"line":54,"column":33},"end":{"line":54,"column":46}}]},"7":{"loc":{"start":{"line":56,"column":11},"end":{"line":58,"column":5}},"type":"if","locations":[{"start":{"line":56,"column":11},"end":{"line":58,"column":5}}]},"8":{"loc":{"start":{"line":56,"column":15},"end":{"line":56,"column":52}},"type":"binary-expr","locations":[{"start":{"line":56,"column":15},"end":{"line":56,"column":35}},{"start":{"line":56,"column":39},"end":{"line":56,"column":52}}]},"9":{"loc":{"start":{"line":100,"column":8},"end":{"line":104,"column":9}},"type":"if","locations":[{"start":{"line":100,"column":8},"end":{"line":104,"column":9}}]}},"s":{"0":1,"1":1,"2":0,"3":0,"4":1,"5":1,"6":0,"7":0,"8":1,"9":1,"10":0,"11":0,"12":1,"13":1,"14":0,"15":0,"16":0,"17":0,"18":0,"19":0,"20":0,"21":0,"22":0,"23":0,"24":0,"25":0,"26":0,"27":0,"28":0,"29":0,"30":1,"31":0,"32":0,"33":0,"34":0,"35":0},"f":{"0":0,"1":0,"2":0,"3":0,"4":0},"b":{"0":[0],"1":[0],"2":[0],"3":[0],"4":[0],"5":[0,0],"6":[0,0],"7":[0],"8":[0,0],"9":[0]}}
,"/Volumes/DataDocument/CodeSpace/kysion.com/AI/packages/utils/src/http/HttpClient.ts": {"path":"/Volumes/DataDocument/CodeSpace/kysion.com/AI/packages/utils/src/http/HttpClient.ts","statementMap":{"0":{"start":{"line":6,"column":0},"end":{"line":6,"column":76}},"1":{"start":{"line":16,"column":0},"end":{"line":16,"column":58}},"2":{"start":{"line":17,"column":0},"end":{"line":17,"column":58}},"3":{"start":{"line":18,"column":0},"end":{"line":18,"column":26}},"4":{"start":{"line":19,"column":0},"end":{"line":19,"column":41}},"5":{"start":{"line":28,"column":12},"end":{"line":28,"column":59}},"6":{"start":{"line":30,"column":12},"end":{"line":30,"column":61}},"7":{"start":{"line":32,"column":12},"end":{"line":32,"column":55}},"8":{"start":{"line":34,"column":12},"end":{"line":34,"column":71}},"9":{"start":{"line":42,"column":29},"end":{"line":42,"column":44}},"10":{"start":{"line":45,"column":8},"end":{"line":53,"column":11}},"11":{"start":{"line":56,"column":8},"end":{"line":56,"column":39}},"12":{"start":{"line":59,"column":8},"end":{"line":59,"column":49}},"13":{"start":{"line":68,"column":8},"end":{"line":72,"column":9}},"14":{"start":{"line":69,"column":12},"end":{"line":71,"column":15}},"15":{"start":{"line":70,"column":16},"end":{"line":70,"column":56}},"16":{"start":{"line":75,"column":8},"end":{"line":79,"column":9}},"17":{"start":{"line":76,"column":12},"end":{"line":78,"column":15}},"18":{"start":{"line":77,"column":16},"end":{"line":77,"column":57}},"19":{"start":{"line":82,"column":8},"end":{"line":86,"column":9}},"20":{"start":{"line":83,"column":12},"end":{"line":85,"column":15}},"21":{"start":{"line":84,"column":16},"end":{"line":84,"column":54}},"22":{"start":{"line":95,"column":8},"end":{"line":95,"column":51}},"23":{"start":{"line":96,"column":8},"end":{"line":99,"column":10}},"24":{"start":{"line":98,"column":28},"end":{"line":98,"column":49}},"25":{"start":{"line":108,"column":8},"end":{"line":108,"column":52}},"26":{"start":{"line":109,"column":8},"end":{"line":112,"column":10}},"27":{"start":{"line":111,"column":28},"end":{"line":111,"column":49}},"28":{"start":{"line":121,"column":8},"end":{"line":121,"column":49}},"29":{"start":{"line":122,"column":8},"end":{"line":125,"column":10}},"30":{"start":{"line":123,"column":31},"end":{"line":123,"column":39}},"31":{"start":{"line":133,"column":8},"end":{"line":133,"column":58}},"32":{"start":{"line":141,"column":8},"end":{"line":141,"column":59}},"33":{"start":{"line":150,"column":8},"end":{"line":150,"column":41}},"34":{"start":{"line":150,"column":24},"end":{"line":150,"column":41}},"35":{"start":{"line":153,"column":8},"end":{"line":155,"column":9}},"36":{"start":{"line":154,"column":12},"end":{"line":154,"column":44}},"37":{"start":{"line":158,"column":23},"end":{"line":158,"column":49}},"38":{"start":{"line":159,"column":8},"end":{"line":159,"column":51}},"39":{"start":{"line":160,"column":8},"end":{"line":160,"column":22}},"40":{"start":{"line":169,"column":23},"end":{"line":169,"column":57}},"41":{"start":{"line":170,"column":8},"end":{"line":173,"column":9}},"42":{"start":{"line":171,"column":12},"end":{"line":171,"column":35}},"43":{"start":{"line":172,"column":12},"end":{"line":172,"column":50}},"44":{"start":{"line":181,"column":8},"end":{"line":183,"column":11}},"45":{"start":{"line":182,"column":12},"end":{"line":182,"column":35}},"46":{"start":{"line":184,"column":8},"end":{"line":184,"column":36}},"47":{"start":{"line":193,"column":8},"end":{"line":193,"column":64}},"48":{"start":{"line":193,"column":47},"end":{"line":193,"column":64}},"49":{"start":{"line":195,"column":25},"end":{"line":195,"column":44}},"50":{"start":{"line":196,"column":31},"end":{"line":196,"column":58}},"51":{"start":{"line":198,"column":8},"end":{"line":204,"column":9}},"52":{"start":{"line":200,"column":12},"end":{"line":203,"column":14}},"53":{"start":{"line":206,"column":8},"end":{"line":206,"column":25}},"54":{"start":{"line":215,"column":8},"end":{"line":217,"column":9}},"55":{"start":{"line":216,"column":12},"end":{"line":216,"column":41}},"56":{"start":{"line":220,"column":23},"end":{"line":220,"column":56}},"57":{"start":{"line":221,"column":8},"end":{"line":221,"column":50}},"58":{"start":{"line":221,"column":21},"end":{"line":221,"column":50}},"59":{"start":{"line":224,"column":8},"end":{"line":226,"column":9}},"60":{"start":{"line":225,"column":12},"end":{"line":225,"column":41}},"61":{"start":{"line":229,"column":8},"end":{"line":229,"column":28}},"62":{"start":{"line":232,"column":22},"end":{"line":232,"column":47}},"63":{"start":{"line":233,"column":8},"end":{"line":233,"column":65}},"64":{"start":{"line":233,"column":37},"end":{"line":233,"column":63}},"65":{"start":{"line":236,"column":8},"end":{"line":236,"column":39}},"66":{"start":{"line":245,"column":8},"end":{"line":311,"column":9}},"67":{"start":{"line":246,"column":33},"end":{"line":246,"column":48}},"68":{"start":{"line":249,"column":12},"end":{"line":256,"column":13}},"69":{"start":{"line":250,"column":39},"end":{"line":250,"column":72}},"70":{"start":{"line":251,"column":16},"end":{"line":255,"column":17}},"71":{"start":{"line":252,"column":20},"end":{"line":254,"column":41}},"72":{"start":{"line":259,"column":12},"end":{"line":264,"column":13}},"73":{"start":{"line":260,"column":31},"end":{"line":260,"column":71}},"74":{"start":{"line":261,"column":16},"end":{"line":263,"column":17}},"75":{"start":{"line":262,"column":20},"end":{"line":262,"column":54}},"76":{"start":{"line":267,"column":29},"end":{"line":267,"column":89}},"77":{"start":{"line":270,"column":12},"end":{"line":273,"column":13}},"78":{"start":{"line":271,"column":33},"end":{"line":271,"column":52}},"79":{"start":{"line":272,"column":16},"end":{"line":272,"column":102}},"80":{"start":{"line":276,"column":12},"end":{"line":278,"column":13}},"81":{"start":{"line":277,"column":16},"end":{"line":277,"column":61}},"82":{"start":{"line":281,"column":12},"end":{"line":283,"column":13}},"83":{"start":{"line":282,"column":16},"end":{"line":282,"column":32}},"84":{"start":{"line":285,"column":12},"end":{"line":285,"column":83}},"85":{"start":{"line":288,"column":12},"end":{"line":290,"column":13}},"86":{"start":{"line":289,"column":16},"end":{"line":289,"column":45}},"87":{"start":{"line":293,"column":31},"end":{"line":293,"column":43}},"88":{"start":{"line":296,"column":12},"end":{"line":308,"column":13}},"89":{"start":{"line":297,"column":36},"end":{"line":297,"column":74}},"90":{"start":{"line":300,"column":16},"end":{"line":302,"column":17}},"91":{"start":{"line":301,"column":20},"end":{"line":301,"column":59}},"92":{"start":{"line":305,"column":16},"end":{"line":307,"column":17}},"93":{"start":{"line":306,"column":20},"end":{"line":306,"column":57}},"94":{"start":{"line":310,"column":12},"end":{"line":310,"column":41}},"95":{"start":{"line":320,"column":8},"end":{"line":323,"column":27}},"96":{"start":{"line":338,"column":8},"end":{"line":343,"column":11}},"97":{"start":{"line":358,"column":8},"end":{"line":363,"column":11}},"98":{"start":{"line":378,"column":8},"end":{"line":383,"column":11}},"99":{"start":{"line":396,"column":8},"end":{"line":400,"column":11}},"100":{"start":{"line":415,"column":8},"end":{"line":420,"column":11}},"101":{"start":{"line":429,"column":8},"end":{"line":431,"column":9}},"102":{"start":{"line":430,"column":12},"end":{"line":430,"column":38}},"103":{"start":{"line":433,"column":28},"end":{"line":433,"column":41}},"104":{"start":{"line":434,"column":8},"end":{"line":436,"column":9}},"105":{"start":{"line":435,"column":12},"end":{"line":435,"column":59}},"106":{"start":{"line":438,"column":8},"end":{"line":438,"column":32}},"107":{"start":{"line":24,"column":0},"end":{"line":24,"column":21}}},"fnMap":{"0":{"name":"(anonymous_1)","decl":{"start":{"line":40,"column":4},"end":{"line":40,"column":16}},"loc":{"start":{"line":40,"column":42},"end":{"line":60,"column":5}}},"1":{"name":"(anonymous_2)","decl":{"start":{"line":66,"column":12},"end":{"line":66,"column":33}},"loc":{"start":{"line":66,"column":58},"end":{"line":87,"column":5}}},"2":{"name":"(anonymous_3)","decl":{"start":{"line":69,"column":47},"end":{"line":69,"column":58}},"loc":{"start":{"line":69,"column":61},"end":{"line":71,"column":13}}},"3":{"name":"(anonymous_4)","decl":{"start":{"line":76,"column":48},"end":{"line":76,"column":59}},"loc":{"start":{"line":76,"column":62},"end":{"line":78,"column":13}}},"4":{"name":"(anonymous_5)","decl":{"start":{"line":83,"column":45},"end":{"line":83,"column":56}},"loc":{"start":{"line":83,"column":59},"end":{"line":85,"column":13}}},"5":{"name":"(anonymous_6)","decl":{"start":{"line":94,"column":11},"end":{"line":94,"column":32}},"loc":{"start":{"line":94,"column":64},"end":{"line":100,"column":5}}},"6":{"name":"(anonymous_7)","decl":{"start":{"line":98,"column":12},"end":{"line":98,"column":13}},"loc":{"start":{"line":98,"column":28},"end":{"line":98,"column":49}}},"7":{"name":"(anonymous_8)","decl":{"start":{"line":107,"column":11},"end":{"line":107,"column":33}},"loc":{"start":{"line":107,"column":66},"end":{"line":113,"column":5}}},"8":{"name":"(anonymous_9)","decl":{"start":{"line":111,"column":12},"end":{"line":111,"column":13}},"loc":{"start":{"line":111,"column":28},"end":{"line":111,"column":49}}},"9":{"name":"(anonymous_10)","decl":{"start":{"line":120,"column":11},"end":{"line":120,"column":30}},"loc":{"start":{"line":120,"column":60},"end":{"line":126,"column":5}}},"10":{"name":"(anonymous_11)","decl":{"start":{"line":123,"column":12},"end":{"line":123,"column":13}},"loc":{"start":{"line":123,"column":31},"end":{"line":123,"column":39}}},"11":{"name":"(anonymous_12)","decl":{"start":{"line":132,"column":11},"end":{"line":132,"column":35}},"loc":{"start":{"line":132,"column":46},"end":{"line":134,"column":5}}},"12":{"name":"(anonymous_13)","decl":{"start":{"line":140,"column":11},"end":{"line":140,"column":36}},"loc":{"start":{"line":140,"column":47},"end":{"line":142,"column":5}}},"13":{"name":"(anonymous_14)","decl":{"start":{"line":149,"column":12},"end":{"line":149,"column":29}},"loc":{"start":{"line":149,"column":48},"end":{"line":161,"column":5}}},"14":{"name":"(anonymous_15)","decl":{"start":{"line":168,"column":11},"end":{"line":168,"column":17}},"loc":{"start":{"line":168,"column":53},"end":{"line":174,"column":5}}},"15":{"name":"(anonymous_16)","decl":{"start":{"line":180,"column":11},"end":{"line":180,"column":20}},"loc":{"start":{"line":180,"column":37},"end":{"line":185,"column":5}}},"16":{"name":"(anonymous_17)","decl":{"start":{"line":181,"column":36},"end":{"line":181,"column":37}},"loc":{"start":{"line":181,"column":47},"end":{"line":183,"column":9}}},"17":{"name":"(anonymous_18)","decl":{"start":{"line":192,"column":12},"end":{"line":192,"column":17}},"loc":{"start":{"line":192,"column":58},"end":{"line":207,"column":5}}},"18":{"name":"(anonymous_19)","decl":{"start":{"line":214,"column":12},"end":{"line":214,"column":17}},"loc":{"start":{"line":214,"column":74},"end":{"line":237,"column":5}}},"19":{"name":"(anonymous_20)","decl":{"start":{"line":233,"column":26},"end":{"line":233,"column":33}},"loc":{"start":{"line":233,"column":37},"end":{"line":233,"column":63}}},"20":{"name":"(anonymous_21)","decl":{"start":{"line":244,"column":11},"end":{"line":244,"column":16}},"loc":{"start":{"line":244,"column":59},"end":{"line":312,"column":5}}},"21":{"name":"(anonymous_22)","decl":{"start":{"line":319,"column":12},"end":{"line":319,"column":25}},"loc":{"start":{"line":319,"column":35},"end":{"line":324,"column":5}}},"22":{"name":"(anonymous_23)","decl":{"start":{"line":333,"column":11},"end":{"line":333,"column":14}},"loc":{"start":{"line":336,"column":34},"end":{"line":344,"column":5}}},"23":{"name":"(anonymous_24)","decl":{"start":{"line":353,"column":11},"end":{"line":353,"column":15}},"loc":{"start":{"line":356,"column":34},"end":{"line":364,"column":5}}},"24":{"name":"(anonymous_25)","decl":{"start":{"line":373,"column":11},"end":{"line":373,"column":14}},"loc":{"start":{"line":376,"column":34},"end":{"line":384,"column":5}}},"25":{"name":"(anonymous_26)","decl":{"start":{"line":392,"column":11},"end":{"line":392,"column":17}},"loc":{"start":{"line":394,"column":34},"end":{"line":401,"column":5}}},"26":{"name":"(anonymous_27)","decl":{"start":{"line":410,"column":11},"end":{"line":410,"column":16}},"loc":{"start":{"line":413,"column":34},"end":{"line":421,"column":5}}},"27":{"name":"(anonymous_28)","decl":{"start":{"line":428,"column":12},"end":{"line":428,"column":26}},"loc":{"start":{"line":428,"column":68},"end":{"line":439,"column":5}}}},"branchMap":{"0":{"loc":{"start":{"line":46,"column":21},"end":{"line":46,"column":84}},"type":"binary-expr","locations":[{"start":{"line":46,"column":21},"end":{"line":46,"column":41}},{"start":{"line":46,"column":45},"end":{"line":46,"column":84}}]},"1":{"loc":{"start":{"line":47,"column":21},"end":{"line":47,"column":50}},"type":"binary-expr","locations":[{"start":{"line":47,"column":21},"end":{"line":47,"column":41}},{"start":{"line":47,"column":45},"end":{"line":47,"column":50}}]},"2":{"loc":{"start":{"line":68,"column":8},"end":{"line":72,"column":9}},"type":"if","locations":[{"start":{"line":68,"column":8},"end":{"line":72,"column":9}}]},"3":{"loc":{"start":{"line":68,"column":12},"end":{"line":68,"column":79}},"type":"binary-expr","locations":[{"start":{"line":68,"column":12},"end":{"line":68,"column":38}},{"start":{"line":68,"column":42},"end":{"line":68,"column":79}}]},"4":{"loc":{"start":{"line":75,"column":8},"end":{"line":79,"column":9}},"type":"if","locations":[{"start":{"line":75,"column":8},"end":{"line":79,"column":9}}]},"5":{"loc":{"start":{"line":75,"column":12},"end":{"line":75,"column":81}},"type":"binary-expr","locations":[{"start":{"line":75,"column":12},"end":{"line":75,"column":39}},{"start":{"line":75,"column":43},"end":{"line":75,"column":81}}]},"6":{"loc":{"start":{"line":82,"column":8},"end":{"line":86,"column":9}},"type":"if","locations":[{"start":{"line":82,"column":8},"end":{"line":86,"column":9}}]},"7":{"loc":{"start":{"line":82,"column":12},"end":{"line":82,"column":75}},"type":"binary-expr","locations":[{"start":{"line":82,"column":12},"end":{"line":82,"column":36}},{"start":{"line":82,"column":40},"end":{"line":82,"column":75}}]},"8":{"loc":{"start":{"line":150,"column":8},"end":{"line":150,"column":41}},"type":"if","locations":[{"start":{"line":150,"column":8},"end":{"line":150,"column":41}}]},"9":{"loc":{"start":{"line":153,"column":8},"end":{"line":155,"column":9}},"type":"if","locations":[{"start":{"line":153,"column":8},"end":{"line":155,"column":9}}]},"10":{"loc":{"start":{"line":170,"column":8},"end":{"line":173,"column":9}},"type":"if","locations":[{"start":{"line":170,"column":8},"end":{"line":173,"column":9}}]},"11":{"loc":{"start":{"line":193,"column":8},"end":{"line":193,"column":64}},"type":"if","locations":[{"start":{"line":193,"column":8},"end":{"line":193,"column":64}}]},"12":{"loc":{"start":{"line":193,"column":12},"end":{"line":193,"column":45}},"type":"binary-expr","locations":[{"start":{"line":193,"column":12},"end":{"line":193,"column":28}},{"start":{"line":193,"column":32},"end":{"line":193,"column":45}}]},"13":{"loc":{"start":{"line":198,"column":8},"end":{"line":204,"column":9}},"type":"if","locations":[{"start":{"line":198,"column":8},"end":{"line":204,"column":9}}]},"14":{"loc":{"start":{"line":215,"column":8},"end":{"line":217,"column":9}},"type":"if","locations":[{"start":{"line":215,"column":8},"end":{"line":217,"column":9}}]},"15":{"loc":{"start":{"line":215,"column":12},"end":{"line":215,"column":47}},"type":"binary-expr","locations":[{"start":{"line":215,"column":12},"end":{"line":215,"column":18}},{"start":{"line":215,"column":22},"end":{"line":215,"column":47}}]},"16":{"loc":{"start":{"line":221,"column":8},"end":{"line":221,"column":50}},"type":"if","locations":[{"start":{"line":221,"column":8},"end":{"line":221,"column":50}}]},"17":{"loc":{"start":{"line":224,"column":8},"end":{"line":226,"column":9}},"type":"if","locations":[{"start":{"line":224,"column":8},"end":{"line":226,"column":9}}]},"18":{"loc":{"start":{"line":224,"column":12},"end":{"line":224,"column":56}},"type":"binary-expr","locations":[{"start":{"line":224,"column":12},"end":{"line":224,"column":30}},{"start":{"line":224,"column":34},"end":{"line":224,"column":56}}]},"19":{"loc":{"start":{"line":232,"column":22},"end":{"line":232,"column":47}},"type":"binary-expr","locations":[{"start":{"line":232,"column":22},"end":{"line":232,"column":39}},{"start":{"line":232,"column":43},"end":{"line":232,"column":47}}]},"20":{"loc":{"start":{"line":249,"column":12},"end":{"line":256,"column":13}},"type":"if","locations":[{"start":{"line":249,"column":12},"end":{"line":256,"column":13}}]},"21":{"loc":{"start":{"line":249,"column":16},"end":{"line":249,"column":47}},"type":"binary-expr","locations":[{"start":{"line":249,"column":16},"end":{"line":249,"column":31}},{"start":{"line":249,"column":35},"end":{"line":249,"column":47}}]},"22":{"loc":{"start":{"line":251,"column":16},"end":{"line":255,"column":17}},"type":"if","locations":[{"start":{"line":251,"column":16},"end":{"line":255,"column":17}}]},"23":{"loc":{"start":{"line":252,"column":27},"end":{"line":254,"column":40}},"type":"cond-expr","locations":[{"start":{"line":253,"column":26},"end":{"line":253,"column":95}},{"start":{"line":254,"column":26},"end":{"line":254,"column":40}}]},"24":{"loc":{"start":{"line":252,"column":27},"end":{"line":252,"column":100}},"type":"binary-expr","locations":[{"start":{"line":252,"column":27},"end":{"line":252,"column":57}},{"start":{"line":252,"column":61},"end":{"line":252,"column":100}}]},"25":{"loc":{"start":{"line":259,"column":12},"end":{"line":264,"column":13}},"type":"if","locations":[{"start":{"line":259,"column":12},"end":{"line":264,"column":13}}]},"26":{"loc":{"start":{"line":261,"column":16},"end":{"line":263,"column":17}},"type":"if","locations":[{"start":{"line":261,"column":16},"end":{"line":263,"column":17}}]},"27":{"loc":{"start":{"line":270,"column":12},"end":{"line":273,"column":13}},"type":"if","locations":[{"start":{"line":270,"column":12},"end":{"line":273,"column":13}}]},"28":{"loc":{"start":{"line":270,"column":16},"end":{"line":270,"column":47}},"type":"binary-expr","locations":[{"start":{"line":270,"column":16},"end":{"line":270,"column":31}},{"start":{"line":270,"column":35},"end":{"line":270,"column":47}}]},"29":{"loc":{"start":{"line":272,"column":51},"end":{"line":272,"column":100}},"type":"binary-expr","locations":[{"start":{"line":272,"column":51},"end":{"line":272,"column":67}},{"start":{"line":272,"column":71},"end":{"line":272,"column":100}}]},"30":{"loc":{"start":{"line":276,"column":12},"end":{"line":278,"column":13}},"type":"if","locations":[{"start":{"line":276,"column":12},"end":{"line":278,"column":13}}]},"31":{"loc":{"start":{"line":281,"column":12},"end":{"line":283,"column":13}},"type":"if","locations":[{"start":{"line":281,"column":12},"end":{"line":283,"column":13}}]},"32":{"loc":{"start":{"line":281,"column":16},"end":{"line":281,"column":84}},"type":"binary-expr","locations":[{"start":{"line":281,"column":16},"end":{"line":281,"column":46}},{"start":{"line":281,"column":50},"end":{"line":281,"column":84}}]},"33":{"loc":{"start":{"line":288,"column":12},"end":{"line":290,"column":13}},"type":"if","locations":[{"start":{"line":288,"column":12},"end":{"line":290,"column":13}}]},"34":{"loc":{"start":{"line":296,"column":12},"end":{"line":308,"column":13}},"type":"if","locations":[{"start":{"line":296,"column":12},"end":{"line":308,"column":13}}]},"35":{"loc":{"start":{"line":296,"column":16},"end":{"line":296,"column":47}},"type":"binary-expr","locations":[{"start":{"line":296,"column":16},"end":{"line":296,"column":26}},{"start":{"line":296,"column":30},"end":{"line":296,"column":47}}]},"36":{"loc":{"start":{"line":300,"column":16},"end":{"line":302,"column":17}},"type":"if","locations":[{"start":{"line":300,"column":16},"end":{"line":302,"column":17}}]},"37":{"loc":{"start":{"line":300,"column":20},"end":{"line":300,"column":72}},"type":"binary-expr","locations":[{"start":{"line":300,"column":20},"end":{"line":300,"column":42}},{"start":{"line":300,"column":46},"end":{"line":300,"column":72}}]},"38":{"loc":{"start":{"line":305,"column":16},"end":{"line":307,"column":17}},"type":"if","locations":[{"start":{"line":305,"column":16},"end":{"line":307,"column":17}}]},"39":{"loc":{"start":{"line":320,"column":15},"end":{"line":323,"column":26}},"type":"binary-expr","locations":[{"start":{"line":320,"column":15},"end":{"line":320,"column":19}},{"start":{"line":320,"column":23},"end":{"line":320,"column":47}},{"start":{"line":321,"column":12},"end":{"line":321,"column":26}},{"start":{"line":322,"column":12},"end":{"line":322,"column":29}},{"start":{"line":323,"column":12},"end":{"line":323,"column":26}}]},"40":{"loc":{"start":{"line":429,"column":8},"end":{"line":431,"column":9}},"type":"if","locations":[{"start":{"line":429,"column":8},"end":{"line":431,"column":9}}]},"41":{"loc":{"start":{"line":434,"column":8},"end":{"line":436,"column":9}},"type":"if","locations":[{"start":{"line":434,"column":8},"end":{"line":436,"column":9}}]},"42":{"loc":{"start":{"line":434,"column":12},"end":{"line":434,"column":62}},"type":"binary-expr","locations":[{"start":{"line":434,"column":12},"end":{"line":434,"column":34}},{"start":{"line":434,"column":38},"end":{"line":434,"column":62}}]},"43":{"loc":{"start":{"line":435,"column":28},"end":{"line":435,"column":57}},"type":"binary-expr","locations":[{"start":{"line":435,"column":28},"end":{"line":435,"column":47}},{"start":{"line":435,"column":51},"end":{"line":435,"column":57}}]}},"s":{"0":1,"1":1,"2":1,"3":1,"4":1,"5":4,"6":4,"7":4,"8":4,"9":4,"10":4,"11":4,"12":4,"13":4,"14":0,"15":0,"16":4,"17":0,"18":0,"19":4,"20":0,"21":0,"22":4,"23":4,"24":0,"25":4,"26":4,"27":0,"28":4,"29":4,"30":0,"31":0,"32":0,"33":0,"34":0,"35":0,"36":0,"37":0,"38":0,"39":0,"40":0,"41":0,"42":0,"43":0,"44":0,"45":0,"46":0,"47":0,"48":0,"49":0,"50":0,"51":0,"52":0,"53":0,"54":0,"55":0,"56":0,"57":0,"58":0,"59":0,"60":0,"61":0,"62":0,"63":0,"64":0,"65":0,"66":2,"67":2,"68":2,"69":0,"70":0,"71":0,"72":2,"73":0,"74":0,"75":0,"76":2,"77":2,"78":0,"79":0,"80":2,"81":0,"82":2,"83":0,"84":2,"85":0,"86":0,"87":0,"88":0,"89":0,"90":0,"91":0,"92":0,"93":0,"94":0,"95":2,"96":1,"97":1,"98":0,"99":0,"100":0,"101":2,"102":0,"103":2,"104":2,"105":0,"106":2,"107":1},"f":{"0":4,"1":4,"2":0,"3":0,"4":0,"5":4,"6":0,"7":4,"8":0,"9":4,"10":0,"11":0,"12":0,"13":0,"14":0,"15":0,"16":0,"17":0,"18":0,"19":0,"20":2,"21":2,"22":1,"23":1,"24":0,"25":0,"26":0,"27":2},"b":{"0":[4,0],"1":[4,0],"2":[0],"3":[4,0],"4":[0],"5":[4,0],"6":[0],"7":[4,0],"8":[0],"9":[0],"10":[0],"11":[0],"12":[0,0],"13":[0],"14":[0],"15":[0,0],"16":[0],"17":[0],"18":[0,0],"19":[0,0],"20":[0],"21":[2,2],"22":[0],"23":[0,0],"24":[0,0],"25":[0],"26":[0],"27":[0],"28":[2,2],"29":[0,0],"30":[0],"31":[0],"32":[2,2],"33":[0],"34":[0],"35":[0,0],"36":[0],"37":[0,0],"38":[0],"39":[2,2,2,2,2],"40":[0],"41":[0],"42":[2,0],"43":[0,0]}}
,"/Volumes/DataDocument/CodeSpace/kysion.com/AI/packages/utils/src/http/cache.ts": {"path":"/Volumes/DataDocument/CodeSpace/kysion.com/AI/packages/utils/src/http/cache.ts","statementMap":{"0":{"start":{"line":16,"column":0},"end":{"line":16,"column":16}},"1":{"start":{"line":26,"column":0},"end":{"line":26,"column":7}},"2":{"start":{"line":49,"column":0},"end":{"line":49,"column":7}},"3":{"start":{"line":72,"column":0},"end":{"line":72,"column":16}},"4":{"start":{"line":79,"column":0},"end":{"line":79,"column":16}},"5":{"start":{"line":91,"column":0},"end":{"line":91,"column":16}},"6":{"start":{"line":7,"column":0},"end":{"line":7,"column":41}},"7":{"start":{"line":10,"column":21},"end":{"line":10,"column":34}},"8":{"start":{"line":17,"column":55},"end":{"line":17,"column":61}},"9":{"start":{"line":18,"column":16},"end":{"line":18,"column":84}},"10":{"start":{"line":19,"column":4},"end":{"line":19,"column":15}},"11":{"start":{"line":27,"column":4},"end":{"line":40,"column":5}},"12":{"start":{"line":28,"column":22},"end":{"line":28,"column":67}},"13":{"start":{"line":29,"column":8},"end":{"line":29,"column":32}},"14":{"start":{"line":29,"column":20},"end":{"line":29,"column":32}},"15":{"start":{"line":31,"column":35},"end":{"line":31,"column":52}},"16":{"start":{"line":32,"column":8},"end":{"line":35,"column":9}},"17":{"start":{"line":33,"column":12},"end":{"line":33,"column":61}},"18":{"start":{"line":34,"column":12},"end":{"line":34,"column":24}},"19":{"start":{"line":37,"column":8},"end":{"line":37,"column":20}},"20":{"start":{"line":39,"column":8},"end":{"line":39,"column":20}},"21":{"start":{"line":54,"column":4},"end":{"line":65,"column":5}},"22":{"start":{"line":55,"column":37},"end":{"line":55,"column":52}},"23":{"start":{"line":56,"column":27},"end":{"line":56,"column":73}},"24":{"start":{"line":58,"column":22},"end":{"line":61,"column":10}},"25":{"start":{"line":62,"column":8},"end":{"line":62,"column":77}},"26":{"start":{"line":64,"column":8},"end":{"line":64,"column":49}},"27":{"start":{"line":73,"column":4},"end":{"line":73,"column":53}},"28":{"start":{"line":80,"column":17},"end":{"line":80,"column":42}},"29":{"start":{"line":81,"column":4},"end":{"line":85,"column":7}},"30":{"start":{"line":82,"column":8},"end":{"line":84,"column":9}},"31":{"start":{"line":83,"column":12},"end":{"line":83,"column":41}},"32":{"start":{"line":92,"column":16},"end":{"line":92,"column":26}},"33":{"start":{"line":93,"column":17},"end":{"line":93,"column":42}},"34":{"start":{"line":95,"column":4},"end":{"line":110,"column":7}},"35":{"start":{"line":96,"column":8},"end":{"line":109,"column":9}},"36":{"start":{"line":97,"column":12},"end":{"line":108,"column":13}},"37":{"start":{"line":98,"column":30},"end":{"line":98,"column":55}},"38":{"start":{"line":99,"column":16},"end":{"line":104,"column":17}},"39":{"start":{"line":100,"column":41},"end":{"line":100,"column":58}},"40":{"start":{"line":101,"column":20},"end":{"line":103,"column":21}},"41":{"start":{"line":102,"column":24},"end":{"line":102,"column":53}},"42":{"start":{"line":107,"column":16},"end":{"line":107,"column":45}}},"fnMap":{"0":{"name":"getCacheKey","decl":{"start":{"line":16,"column":16},"end":{"line":16,"column":27}},"loc":{"start":{"line":16,"column":53},"end":{"line":20,"column":1}}},"1":{"name":"getCache","decl":{"start":{"line":26,"column":22},"end":{"line":26,"column":30}},"loc":{"start":{"line":26,"column":45},"end":{"line":41,"column":1}}},"2":{"name":"setCache","decl":{"start":{"line":49,"column":22},"end":{"line":49,"column":30}},"loc":{"start":{"line":52,"column":22},"end":{"line":66,"column":1}}},"3":{"name":"clearCache","decl":{"start":{"line":72,"column":16},"end":{"line":72,"column":26}},"loc":{"start":{"line":72,"column":38},"end":{"line":74,"column":1}}},"4":{"name":"clearAllCache","decl":{"start":{"line":79,"column":16},"end":{"line":79,"column":29}},"loc":{"start":{"line":79,"column":29},"end":{"line":86,"column":1}}},"5":{"name":"(anonymous_5)","decl":{"start":{"line":81,"column":17},"end":{"line":81,"column":20}},"loc":{"start":{"line":81,"column":23},"end":{"line":85,"column":5}}},"6":{"name":"clearExpiredCache","decl":{"start":{"line":91,"column":16},"end":{"line":91,"column":33}},"loc":{"start":{"line":91,"column":33},"end":{"line":111,"column":1}}},"7":{"name":"(anonymous_7)","decl":{"start":{"line":95,"column":17},"end":{"line":95,"column":20}},"loc":{"start":{"line":95,"column":23},"end":{"line":110,"column":5}}}},"branchMap":{"0":{"loc":{"start":{"line":17,"column":12},"end":{"line":17,"column":20}},"type":"default-arg","locations":[{"start":{"line":17,"column":18},"end":{"line":17,"column":20}}]},"1":{"loc":{"start":{"line":17,"column":22},"end":{"line":17,"column":36}},"type":"default-arg","locations":[{"start":{"line":17,"column":31},"end":{"line":17,"column":36}}]},"2":{"loc":{"start":{"line":29,"column":8},"end":{"line":29,"column":32}},"type":"if","locations":[{"start":{"line":29,"column":8},"end":{"line":29,"column":32}}]},"3":{"loc":{"start":{"line":32,"column":8},"end":{"line":35,"column":9}},"type":"if","locations":[{"start":{"line":32,"column":8},"end":{"line":35,"column":9}}]},"4":{"loc":{"start":{"line":56,"column":27},"end":{"line":56,"column":73}},"type":"binary-expr","locations":[{"start":{"line":56,"column":27},"end":{"line":56,"column":36}},{"start":{"line":56,"column":40},"end":{"line":56,"column":56}},{"start":{"line":56,"column":60},"end":{"line":56,"column":73}}]},"5":{"loc":{"start":{"line":82,"column":8},"end":{"line":84,"column":9}},"type":"if","locations":[{"start":{"line":82,"column":8},"end":{"line":84,"column":9}}]},"6":{"loc":{"start":{"line":96,"column":8},"end":{"line":109,"column":9}},"type":"if","locations":[{"start":{"line":96,"column":8},"end":{"line":109,"column":9}}]},"7":{"loc":{"start":{"line":99,"column":16},"end":{"line":104,"column":17}},"type":"if","locations":[{"start":{"line":99,"column":16},"end":{"line":104,"column":17}}]},"8":{"loc":{"start":{"line":101,"column":20},"end":{"line":103,"column":21}},"type":"if","locations":[{"start":{"line":101,"column":20},"end":{"line":103,"column":21}}]}},"s":{"0":2,"1":2,"2":2,"3":2,"4":2,"5":2,"6":2,"7":2,"8":2,"9":2,"10":2,"11":4,"12":4,"13":4,"14":1,"15":3,"16":2,"17":1,"18":1,"19":1,"20":1,"21":3,"22":3,"23":3,"24":3,"25":3,"26":1,"27":1,"28":1,"29":1,"30":3,"31":2,"32":1,"33":1,"34":1,"35":3,"36":3,"37":3,"38":3,"39":3,"40":2,"41":1,"42":1},"f":{"0":2,"1":4,"2":3,"3":1,"4":1,"5":3,"6":1,"7":3},"b":{"0":[0],"1":[1],"2":[1],"3":[1],"4":[3,2,0],"5":[2],"6":[3],"7":[3],"8":[1]}}
,"/Volumes/DataDocument/CodeSpace/kysion.com/AI/packages/utils/src/http/config.ts": {"path":"/Volumes/DataDocument/CodeSpace/kysion.com/AI/packages/utils/src/http/config.ts","statementMap":{"0":{"start":{"line":43,"column":0},"end":{"line":43,"column":16}},"1":{"start":{"line":61,"column":0},"end":{"line":61,"column":16}},"2":{"start":{"line":68,"column":0},"end":{"line":68,"column":16}},"3":{"start":{"line":77,"column":0},"end":{"line":77,"column":16}},"4":{"start":{"line":107,"column":0},"end":{"line":107,"column":16}},"5":{"start":{"line":116,"column":0},"end":{"line":116,"column":16}},"6":{"start":{"line":125,"column":0},"end":{"line":125,"column":16}},"7":{"start":{"line":8,"column":55},"end":{"line":20,"column":2}},"8":{"start":{"line":136,"column":24},"end":{"line":136,"column":46}},"9":{"start":{"line":23,"column":40},"end":{"line":34,"column":2}},"10":{"start":{"line":32,"column":30},"end":{"line":32,"column":73}},"11":{"start":{"line":33,"column":24},"end":{"line":33,"column":53}},"12":{"start":{"line":136,"column":9},"end":{"line":136,"column":22}},"13":{"start":{"line":37,"column":37},"end":{"line":37,"column":57}},"14":{"start":{"line":44,"column":4},"end":{"line":55,"column":6}},"15":{"start":{"line":62,"column":4},"end":{"line":62,"column":40}},"16":{"start":{"line":69,"column":4},"end":{"line":69,"column":24}},"17":{"start":{"line":78,"column":90},"end":{"line":78,"column":102}},"18":{"start":{"line":81,"column":4},"end":{"line":84,"column":5}},"19":{"start":{"line":82,"column":21},"end":{"line":82,"column":80}},"20":{"start":{"line":83,"column":8},"end":{"line":83,"column":65}},"21":{"start":{"line":87,"column":4},"end":{"line":99,"column":5}},"22":{"start":{"line":88,"column":24},"end":{"line":88,"column":36}},"23":{"start":{"line":89,"column":24},"end":{"line":89,"column":46}},"24":{"start":{"line":91,"column":8},"end":{"line":93,"column":9}},"25":{"start":{"line":92,"column":12},"end":{"line":92,"column":27}},"26":{"start":{"line":95,"column":8},"end":{"line":98,"column":9}},"27":{"start":{"line":96,"column":25},"end":{"line":96,"column":84}},"28":{"start":{"line":97,"column":12},"end":{"line":97,"column":79}},"29":{"start":{"line":101,"column":4},"end":{"line":101,"column":26}},"30":{"start":{"line":108,"column":4},"end":{"line":110,"column":48}},"31":{"start":{"line":117,"column":4},"end":{"line":119,"column":38}},"32":{"start":{"line":126,"column":4},"end":{"line":132,"column":5}},"33":{"start":{"line":127,"column":8},"end":{"line":127,"column":36}},"34":{"start":{"line":130,"column":8},"end":{"line":130,"column":41}},"35":{"start":{"line":131,"column":8},"end":{"line":131,"column":40}}},"fnMap":{"0":{"name":"(anonymous_0)","decl":{"start":{"line":32,"column":24},"end":{"line":32,"column":27}},"loc":{"start":{"line":32,"column":30},"end":{"line":32,"column":73}}},"1":{"name":"(anonymous_1)","decl":{"start":{"line":33,"column":18},"end":{"line":33,"column":21}},"loc":{"start":{"line":33,"column":24},"end":{"line":33,"column":53}}},"2":{"name":"configureHttp","decl":{"start":{"line":43,"column":16},"end":{"line":43,"column":29}},"loc":{"start":{"line":43,"column":63},"end":{"line":56,"column":1}}},"3":{"name":"resetHttpConfig","decl":{"start":{"line":61,"column":16},"end":{"line":61,"column":31}},"loc":{"start":{"line":61,"column":31},"end":{"line":63,"column":1}}},"4":{"name":"getHttpConfig","decl":{"start":{"line":68,"column":16},"end":{"line":68,"column":29}},"loc":{"start":{"line":68,"column":29},"end":{"line":70,"column":1}}},"5":{"name":"getErrorMessage","decl":{"start":{"line":77,"column":16},"end":{"line":77,"column":31}},"loc":{"start":{"line":77,"column":77},"end":{"line":102,"column":1}}},"6":{"name":"getCurrentLanguage","decl":{"start":{"line":107,"column":16},"end":{"line":107,"column":34}},"loc":{"start":{"line":107,"column":34},"end":{"line":111,"column":1}}},"7":{"name":"getAuthToken","decl":{"start":{"line":116,"column":16},"end":{"line":116,"column":28}},"loc":{"start":{"line":116,"column":28},"end":{"line":120,"column":1}}},"8":{"name":"handleAuthFailed","decl":{"start":{"line":125,"column":16},"end":{"line":125,"column":32}},"loc":{"start":{"line":125,"column":32},"end":{"line":133,"column":1}}}},"branchMap":{"0":{"loc":{"start":{"line":32,"column":30},"end":{"line":32,"column":73}},"type":"binary-expr","locations":[{"start":{"line":32,"column":30},"end":{"line":32,"column":62}},{"start":{"line":32,"column":66},"end":{"line":32,"column":73}}]},"1":{"loc":{"start":{"line":81,"column":4},"end":{"line":84,"column":5}},"type":"if","locations":[{"start":{"line":81,"column":4},"end":{"line":84,"column":5}}]},"2":{"loc":{"start":{"line":82,"column":21},"end":{"line":82,"column":80}},"type":"cond-expr","locations":[{"start":{"line":82,"column":42},"end":{"line":82,"column":62}},{"start":{"line":82,"column":65},"end":{"line":82,"column":80}}]},"3":{"loc":{"start":{"line":87,"column":4},"end":{"line":99,"column":5}},"type":"if","locations":[{"start":{"line":87,"column":4},"end":{"line":99,"column":5}}]},"4":{"loc":{"start":{"line":91,"column":8},"end":{"line":93,"column":9}},"type":"if","locations":[{"start":{"line":91,"column":8},"end":{"line":93,"column":9}}]},"5":{"loc":{"start":{"line":95,"column":8},"end":{"line":98,"column":9}},"type":"if","locations":[{"start":{"line":95,"column":8},"end":{"line":98,"column":9}}]},"6":{"loc":{"start":{"line":95,"column":12},"end":{"line":95,"column":50}},"type":"binary-expr","locations":[{"start":{"line":95,"column":12},"end":{"line":95,"column":19}},{"start":{"line":95,"column":23},"end":{"line":95,"column":50}}]},"7":{"loc":{"start":{"line":96,"column":25},"end":{"line":96,"column":84}},"type":"cond-expr","locations":[{"start":{"line":96,"column":46},"end":{"line":96,"column":66}},{"start":{"line":96,"column":69},"end":{"line":96,"column":84}}]},"8":{"loc":{"start":{"line":97,"column":19},"end":{"line":97,"column":78}},"type":"binary-expr","locations":[{"start":{"line":97,"column":19},"end":{"line":97,"column":43}},{"start":{"line":97,"column":47},"end":{"line":97,"column":60}},{"start":{"line":97,"column":64},"end":{"line":97,"column":78}}]},"9":{"loc":{"start":{"line":97,"column":27},"end":{"line":97,"column":42}},"type":"binary-expr","locations":[{"start":{"line":97,"column":27},"end":{"line":97,"column":31}},{"start":{"line":97,"column":35},"end":{"line":97,"column":42}}]},"10":{"loc":{"start":{"line":108,"column":11},"end":{"line":110,"column":47}},"type":"cond-expr","locations":[{"start":{"line":109,"column":8},"end":{"line":109,"column":41}},{"start":{"line":110,"column":8},"end":{"line":110,"column":47}}]},"11":{"loc":{"start":{"line":110,"column":8},"end":{"line":110,"column":47}},"type":"binary-expr","locations":[{"start":{"line":110,"column":8},"end":{"line":110,"column":36}},{"start":{"line":110,"column":40},"end":{"line":110,"column":47}}]},"12":{"loc":{"start":{"line":117,"column":11},"end":{"line":119,"column":37}},"type":"cond-expr","locations":[{"start":{"line":118,"column":8},"end":{"line":118,"column":35}},{"start":{"line":119,"column":8},"end":{"line":119,"column":37}}]},"13":{"loc":{"start":{"line":126,"column":4},"end":{"line":132,"column":5}},"type":"if","locations":[{"start":{"line":126,"column":4},"end":{"line":132,"column":5}},{"start":{"line":128,"column":11},"end":{"line":132,"column":5}}]}},"s":{"0":2,"1":2,"2":2,"3":2,"4":2,"5":2,"6":2,"7":2,"8":2,"9":2,"10":1,"11":0,"12":2,"13":2,"14":21,"15":19,"16":13,"17":6,"18":6,"19":1,"20":1,"21":5,"22":5,"23":5,"24":5,"25":2,"26":3,"27":2,"28":2,"29":1,"30":2,"31":2,"32":2,"33":1,"34":1,"35":1},"f":{"0":1,"1":0,"2":21,"3":19,"4":13,"5":6,"6":2,"7":2,"8":2},"b":{"0":[1,0],"1":[1],"2":[1,0],"3":[5],"4":[2],"5":[2],"6":[3,2],"7":[2,0],"8":[2,0,0],"9":[2,0],"10":[1,1],"11":[1,0],"12":[1,1],"13":[1,1]}}
,"/Volumes/DataDocument/CodeSpace/kysion.com/AI/packages/utils/src/http/interceptors.ts": {"path":"/Volumes/DataDocument/CodeSpace/kysion.com/AI/packages/utils/src/http/interceptors.ts","statementMap":{"0":{"start":{"line":12,"column":0},"end":{"line":12,"column":16}},"1":{"start":{"line":54,"column":0},"end":{"line":54,"column":16}},"2":{"start":{"line":88,"column":0},"end":{"line":88,"column":16}},"3":{"start":{"line":147,"column":0},"end":{"line":147,"column":16}},"4":{"start":{"line":8,"column":0},"end":{"line":8,"column":31}},"5":{"start":{"line":9,"column":0},"end":{"line":9,"column":110}},"6":{"start":{"line":13,"column":22},"end":{"line":13,"column":37}},"7":{"start":{"line":16,"column":4},"end":{"line":24,"column":5}},"8":{"start":{"line":17,"column":22},"end":{"line":17,"column":36}},"9":{"start":{"line":18,"column":8},"end":{"line":23,"column":9}},"10":{"start":{"line":19,"column":12},"end":{"line":21,"column":13}},"11":{"start":{"line":20,"column":16},"end":{"line":20,"column":52}},"12":{"start":{"line":22,"column":12},"end":{"line":22,"column":64}},"13":{"start":{"line":27,"column":21},"end":{"line":27,"column":41}},"14":{"start":{"line":28,"column":4},"end":{"line":30,"column":5}},"15":{"start":{"line":29,"column":8},"end":{"line":29,"column":44}},"16":{"start":{"line":31,"column":4},"end":{"line":31,"column":49}},"17":{"start":{"line":34,"column":24},"end":{"line":34,"column":59}},"18":{"start":{"line":35,"column":4},"end":{"line":37,"column":5}},"19":{"start":{"line":36,"column":8},"end":{"line":36,"column":52}},"20":{"start":{"line":40,"column":4},"end":{"line":48,"column":5}},"21":{"start":{"line":41,"column":8},"end":{"line":47,"column":11}},"22":{"start":{"line":50,"column":4},"end":{"line":50,"column":18}},"23":{"start":{"line":55,"column":22},"end":{"line":55,"column":37}},"24":{"start":{"line":58,"column":4},"end":{"line":60,"column":5}},"25":{"start":{"line":63,"column":4},"end":{"line":69,"column":5}},"26":{"start":{"line":64,"column":8},"end":{"line":68,"column":11}},"27":{"start":{"line":72,"column":17},"end":{"line":72,"column":30}},"28":{"start":{"line":73,"column":4},"end":{"line":75,"column":5}},"29":{"start":{"line":74,"column":8},"end":{"line":74,"column":67}},"30":{"start":{"line":78,"column":4},"end":{"line":82,"column":5}},"31":{"start":{"line":79,"column":29},"end":{"line":79,"column":88}},"32":{"start":{"line":80,"column":22},"end":{"line":80,"column":45}},"33":{"start":{"line":81,"column":8},"end":{"line":81,"column":37}},"34":{"start":{"line":84,"column":4},"end":{"line":84,"column":20}},"35":{"start":{"line":89,"column":22},"end":{"line":89,"column":37}},"36":{"start":{"line":94,"column":4},"end":{"line":131,"column":5}},"37":{"start":{"line":95,"column":23},"end":{"line":95,"column":55}},"38":{"start":{"line":96,"column":31},"end":{"line":96,"column":63}},"39":{"start":{"line":97,"column":29},"end":{"line":97,"column":68}},"40":{"start":{"line":100,"column":8},"end":{"line":107,"column":9}},"41":{"start":{"line":101,"column":12},"end":{"line":106,"column":15}},"42":{"start":{"line":110,"column":8},"end":{"line":128,"column":9}},"43":{"start":{"line":113,"column":16},"end":{"line":113,"column":35}},"44":{"start":{"line":114,"column":16},"end":{"line":114,"column":22}},"45":{"start":{"line":117,"column":16},"end":{"line":117,"column":22}},"46":{"start":{"line":120,"column":16},"end":{"line":127,"column":17}},"47":{"start":{"line":121,"column":20},"end":{"line":126,"column":23}},"48":{"start":{"line":130,"column":8},"end":{"line":130,"column":55}},"49":{"start":{"line":133,"column":4},"end":{"line":137,"column":5}},"50":{"start":{"line":135,"column":36},"end":{"line":135,"column":79}},"51":{"start":{"line":136,"column":8},"end":{"line":136,"column":62}},"52":{"start":{"line":140,"column":4},"end":{"line":140,"column":33}},"53":{"start":{"line":148,"column":4},"end":{"line":148,"column":53}},"54":{"start":{"line":149,"column":4},"end":{"line":149,"column":55}},"55":{"start":{"line":150,"column":4},"end":{"line":150,"column":45}},"56":{"start":{"line":154,"column":13},"end":{"line":158,"column":2}}},"fnMap":{"0":{"name":"requestInterceptor","decl":{"start":{"line":12,"column":16},"end":{"line":12,"column":34}},"loc":{"start":{"line":12,"column":60},"end":{"line":51,"column":1}}},"1":{"name":"responseInterceptor","decl":{"start":{"line":54,"column":16},"end":{"line":54,"column":35}},"loc":{"start":{"line":54,"column":63},"end":{"line":85,"column":1}}},"2":{"name":"errorHandler","decl":{"start":{"line":88,"column":16},"end":{"line":88,"column":28}},"loc":{"start":{"line":88,"column":46},"end":{"line":141,"column":1}}},"3":{"name":"setupDefaultInterceptors","decl":{"start":{"line":147,"column":16},"end":{"line":147,"column":40}},"loc":{"start":{"line":147,"column":52},"end":{"line":151,"column":1}}}},"branchMap":{"0":{"loc":{"start":{"line":16,"column":4},"end":{"line":24,"column":5}},"type":"if","locations":[{"start":{"line":16,"column":4},"end":{"line":24,"column":5}}]},"1":{"loc":{"start":{"line":18,"column":8},"end":{"line":23,"column":9}},"type":"if","locations":[{"start":{"line":18,"column":8},"end":{"line":23,"column":9}}]},"2":{"loc":{"start":{"line":19,"column":12},"end":{"line":21,"column":13}},"type":"if","locations":[{"start":{"line":19,"column":12},"end":{"line":21,"column":13}}]},"3":{"loc":{"start":{"line":28,"column":4},"end":{"line":30,"column":5}},"type":"if","locations":[{"start":{"line":28,"column":4},"end":{"line":30,"column":5}}]},"4":{"loc":{"start":{"line":35,"column":4},"end":{"line":37,"column":5}},"type":"if","locations":[{"start":{"line":35,"column":4},"end":{"line":37,"column":5}}]},"5":{"loc":{"start":{"line":35,"column":8},"end":{"line":35,"column":37}},"type":"binary-expr","locations":[{"start":{"line":35,"column":8},"end":{"line":35,"column":19}},{"start":{"line":35,"column":23},"end":{"line":35,"column":37}}]},"6":{"loc":{"start":{"line":40,"column":4},"end":{"line":48,"column":5}},"type":"if","locations":[{"start":{"line":40,"column":4},"end":{"line":48,"column":5}}]},"7":{"loc":{"start":{"line":40,"column":8},"end":{"line":40,"column":37}},"type":"binary-expr","locations":[{"start":{"line":40,"column":8},"end":{"line":40,"column":13}},{"start":{"line":40,"column":17},"end":{"line":40,"column":37}}]},"8":{"loc":{"start":{"line":58,"column":4},"end":{"line":60,"column":5}},"type":"if","locations":[{"start":{"line":58,"column":4},"end":{"line":60,"column":5}}]},"9":{"loc":{"start":{"line":63,"column":4},"end":{"line":69,"column":5}},"type":"if","locations":[{"start":{"line":63,"column":4},"end":{"line":69,"column":5}}]},"10":{"loc":{"start":{"line":63,"column":8},"end":{"line":63,"column":37}},"type":"binary-expr","locations":[{"start":{"line":63,"column":8},"end":{"line":63,"column":13}},{"start":{"line":63,"column":17},"end":{"line":63,"column":37}}]},"11":{"loc":{"start":{"line":73,"column":4},"end":{"line":75,"column":5}},"type":"if","locations":[{"start":{"line":73,"column":4},"end":{"line":75,"column":5}}]},"12":{"loc":{"start":{"line":78,"column":4},"end":{"line":82,"column":5}},"type":"if","locations":[{"start":{"line":78,"column":4},"end":{"line":82,"column":5}}]},"13":{"loc":{"start":{"line":78,"column":8},"end":{"line":78,"column":44}},"type":"binary-expr","locations":[{"start":{"line":78,"column":8},"end":{"line":78,"column":23}},{"start":{"line":78,"column":27},"end":{"line":78,"column":44}}]},"14":{"loc":{"start":{"line":79,"column":56},"end":{"line":79,"column":87}},"type":"binary-expr","locations":[{"start":{"line":79,"column":56},"end":{"line":79,"column":68}},{"start":{"line":79,"column":72},"end":{"line":79,"column":87}}]},"15":{"loc":{"start":{"line":94,"column":4},"end":{"line":131,"column":5}},"type":"if","locations":[{"start":{"line":94,"column":4},"end":{"line":131,"column":5}}]},"16":{"loc":{"start":{"line":96,"column":31},"end":{"line":96,"column":63}},"type":"binary-expr","locations":[{"start":{"line":96,"column":31},"end":{"line":96,"column":44}},{"start":{"line":96,"column":48},"end":{"line":96,"column":63}}]},"17":{"loc":{"start":{"line":100,"column":8},"end":{"line":107,"column":9}},"type":"if","locations":[{"start":{"line":100,"column":8},"end":{"line":107,"column":9}}]},"18":{"loc":{"start":{"line":100,"column":12},"end":{"line":100,"column":41}},"type":"binary-expr","locations":[{"start":{"line":100,"column":12},"end":{"line":100,"column":17}},{"start":{"line":100,"column":21},"end":{"line":100,"column":41}}]},"19":{"loc":{"start":{"line":103,"column":21},"end":{"line":103,"column":44}},"type":"binary-expr","locations":[{"start":{"line":103,"column":21},"end":{"line":103,"column":38}},{"start":{"line":103,"column":42},"end":{"line":103,"column":44}}]},"20":{"loc":{"start":{"line":110,"column":8},"end":{"line":128,"column":9}},"type":"switch","locations":[{"start":{"line":111,"column":12},"end":{"line":114,"column":22}},{"start":{"line":115,"column":12},"end":{"line":117,"column":22}},{"start":{"line":118,"column":12},"end":{"line":127,"column":17}}]},"21":{"loc":{"start":{"line":120,"column":16},"end":{"line":127,"column":17}},"type":"if","locations":[{"start":{"line":120,"column":16},"end":{"line":127,"column":17}}]},"22":{"loc":{"start":{"line":123,"column":29},"end":{"line":123,"column":52}},"type":"binary-expr","locations":[{"start":{"line":123,"column":29},"end":{"line":123,"column":46}},{"start":{"line":123,"column":50},"end":{"line":123,"column":52}}]},"23":{"loc":{"start":{"line":133,"column":4},"end":{"line":137,"column":5}},"type":"if","locations":[{"start":{"line":133,"column":4},"end":{"line":137,"column":5}}]}},"s":{"0":1,"1":1,"2":1,"3":1,"4":1,"5":1,"6":0,"7":0,"8":0,"9":0,"10":0,"11":0,"12":0,"13":0,"14":0,"15":0,"16":0,"17":0,"18":0,"19":0,"20":0,"21":0,"22":0,"23":0,"24":0,"25":0,"26":0,"27":0,"28":0,"29":0,"30":0,"31":0,"32":0,"33":0,"34":0,"35":0,"36":0,"37":0,"38":0,"39":0,"40":0,"41":0,"42":0,"43":0,"44":0,"45":0,"46":0,"47":0,"48":0,"49":0,"50":0,"51":0,"52":0,"53":4,"54":4,"55":4,"56":1},"f":{"0":0,"1":0,"2":0,"3":4},"b":{"0":[0],"1":[0],"2":[0],"3":[0],"4":[0],"5":[0,0],"6":[0],"7":[0,0],"8":[0],"9":[0],"10":[0,0],"11":[0],"12":[0],"13":[0,0],"14":[0,0],"15":[0],"16":[0,0],"17":[0],"18":[0,0],"19":[0,0],"20":[0,0,0],"21":[0],"22":[0,0],"23":[0]}}
}
