TN:
SF:src/crypto.ts
FN:12,(anonymous_1)
FN:20,(anonymous_2)
FN:24,(anonymous_3)
FNF:3
FNH:0
FNDA:0,(anonymous_1)
FNDA:0,(anonymous_2)
FNDA:0,(anonymous_3)
DA:1,1
DA:2,1
DA:9,1
DA:10,1
DA:12,1
DA:13,0
DA:14,0
DA:20,0
DA:21,0
DA:24,0
DA:25,0
DA:26,0
DA:29,0
DA:34,0
LF:14
LH:5
BRDA:13,0,0,0
BRDA:13,0,1,0
BRDA:13,0,2,0
BRDA:13,0,3,0
BRF:4
BRH:0
end_of_record
TN:
SF:src/funs.ts
FN:2,(anonymous_0)
FN:3,(anonymous_1)
FN:6,(anonymous_2)
FN:7,(anonymous_3)
FN:16,(anonymous_4)
FN:62,(anonymous_5)
FN:76,(anonymous_6)
FN:77,(anonymous_7)
FN:78,(anonymous_8)
FN:145,(anonymous_9)
FNF:10
FNH:0
FNDA:0,(anonymous_0)
FNDA:0,(anonymous_1)
FNDA:0,(anonymous_2)
FNDA:0,(anonymous_3)
FNDA:0,(anonymous_4)
FNDA:0,(anonymous_5)
FNDA:0,(anonymous_6)
FNDA:0,(anonymous_7)
FNDA:0,(anonymous_8)
FNDA:0,(anonymous_9)
DA:1,0
DA:3,0
DA:4,0
DA:5,0
DA:6,0
DA:7,0
DA:17,0
DA:18,0
DA:23,0
DA:24,0
DA:28,0
DA:29,0
DA:30,0
DA:37,0
DA:38,0
DA:40,0
DA:42,0
DA:43,0
DA:47,0
DA:49,0
DA:50,0
DA:52,0
DA:63,0
DA:64,0
DA:68,0
DA:76,0
DA:77,0
DA:78,0
DA:81,0
DA:82,0
DA:83,0
DA:86,0
DA:88,0
DA:90,0
DA:93,0
DA:94,0
DA:96,0
DA:97,0
DA:100,0
DA:101,0
DA:104,0
DA:108,0
DA:111,0
DA:112,0
DA:113,0
DA:114,0
DA:119,0
DA:147,0
DA:148,0
DA:155,0
DA:156,0
DA:157,0
DA:163,0
DA:165,0
DA:168,0
DA:169,0
DA:176,0
DA:177,0
DA:178,0
DA:181,0
DA:182,0
DA:183,0
DA:186,0
DA:187,0
DA:188,0
DA:189,0
DA:190,0
DA:194,0
LF:68
LH:0
BRDA:17,0,0,0
BRDA:23,1,0,0
BRDA:23,2,0,0
BRDA:23,2,1,0
BRDA:29,3,0,0
BRDA:29,4,0,0
BRDA:29,4,1,0
BRDA:37,5,0,0
BRDA:37,6,0,0
BRDA:37,6,1,0
BRDA:43,7,0,0
BRDA:43,7,1,0
BRDA:68,8,0,0
BRDA:68,8,1,0
BRDA:68,8,2,0
BRDA:68,8,3,0
BRDA:68,8,4,0
BRDA:76,9,0,0
BRDA:76,9,1,0
BRDA:77,10,0,0
BRDA:77,10,1,0
BRDA:78,11,0,0
BRDA:78,11,1,0
BRDA:81,12,0,0
BRDA:81,12,1,0
BRDA:82,13,0,0
BRDA:82,13,1,0
BRDA:83,14,0,0
BRDA:86,15,0,0
BRDA:90,16,0,0
BRDA:90,16,1,0
BRDA:90,16,2,0
BRDA:90,16,3,0
BRDA:112,17,0,0
BRDA:119,18,0,0
BRDA:119,18,1,0
BRDA:145,19,0,0
BRDA:147,20,0,0
BRDA:156,21,0,0
BRDA:168,22,0,0
BRDA:168,23,0,0
BRDA:168,23,1,0
BRDA:168,23,2,0
BRDA:177,24,0,0
BRDA:182,25,0,0
BRDA:187,26,0,0
BRF:46
BRH:0
end_of_record
TN:
SF:src/klona.ts
FN:3,(anonymous_0)
FNF:1
FNH:0
FNDA:0,(anonymous_0)
DA:1,0
DA:3,0
LF:2
LH:0
BRF:0
BRH:0
end_of_record
TN:
SF:src/nanoid.ts
FN:3,(anonymous_0)
FNF:1
FNH:0
FNDA:0,(anonymous_0)
DA:1,1
DA:3,1
LF:2
LH:2
BRF:0
BRH:0
end_of_record
TN:
SF:src/storage.ts
FN:57,(anonymous_1)
FN:69,(anonymous_2)
FN:101,(anonymous_3)
FN:155,(anonymous_4)
FN:161,(anonymous_5)
FN:168,(anonymous_6)
FNF:6
FNH:0
FNDA:0,(anonymous_1)
FNDA:0,(anonymous_2)
FNDA:0,(anonymous_3)
FNDA:0,(anonymous_4)
FNDA:0,(anonymous_5)
FNDA:0,(anonymous_6)
DA:1,0
DA:2,0
DA:17,0
DA:22,0
DA:47,0
DA:58,0
DA:59,0
DA:60,0
DA:61,0
DA:71,0
DA:74,0
DA:81,0
DA:83,0
DA:85,0
DA:86,0
DA:89,0
DA:92,0
DA:103,0
DA:105,0
DA:108,0
DA:109,0
DA:113,0
DA:115,0
DA:117,0
DA:119,0
DA:123,0
DA:127,0
DA:129,0
DA:130,0
DA:134,0
DA:136,0
DA:137,0
DA:141,0
DA:144,0
DA:148,0
DA:157,0
DA:158,0
DA:162,0
DA:169,0
LF:39
LH:0
BRDA:58,0,0,0
BRDA:58,0,1,0
BRDA:58,1,0,0
BRDA:58,1,1,0
BRDA:59,2,0,0
BRDA:59,2,1,0
BRDA:60,3,0,0
BRDA:60,3,1,0
BRDA:60,3,2,0
BRDA:61,4,0,0
BRDA:61,4,1,0
BRDA:61,4,2,0
BRDA:71,5,0,0
BRDA:71,5,1,0
BRDA:76,6,0,0
BRDA:76,6,1,0
BRDA:76,7,0,0
BRDA:76,7,1,0
BRDA:83,8,0,0
BRDA:83,8,1,0
BRDA:83,9,0,0
BRDA:83,9,1,0
BRDA:103,10,0,0
BRDA:103,10,1,0
BRDA:108,11,0,0
BRDA:113,12,0,0
BRDA:113,12,1,0
BRDA:113,13,0,0
BRDA:113,13,1,0
BRDA:117,14,0,0
BRDA:127,15,0,0
BRDA:127,16,0,0
BRDA:127,16,1,0
BRDA:127,16,2,0
BRDA:134,17,0,0
BRDA:157,18,0,0
BRDA:157,18,1,0
BRF:37
BRH:0
end_of_record
TN:
SF:src/validate.ts
FN:10,(anonymous_0)
FN:20,(anonymous_1)
FN:30,(anonymous_2)
FN:40,(anonymous_3)
FN:62,validateDate
FNF:5
FNH:0
FNDA:0,(anonymous_0)
FNDA:0,(anonymous_1)
FNDA:0,(anonymous_2)
FNDA:0,(anonymous_3)
FNDA:0,validateDate
DA:10,1
DA:11,0
DA:12,0
DA:20,1
DA:21,0
DA:22,0
DA:30,1
DA:31,0
DA:32,0
DA:40,1
DA:41,0
DA:43,0
DA:45,0
DA:47,0
DA:49,0
DA:51,0
DA:54,0
DA:55,0
DA:56,0
DA:57,0
DA:59,0
DA:62,1
DA:64,0
DA:98,0
DA:100,0
DA:102,0
DA:108,0
LF:27
LH:5
BRDA:41,0,0,0
BRDA:45,1,0,0
BRDA:47,2,0,0
BRDA:49,3,0,0
BRDA:51,4,0,0
BRDA:54,5,0,0
BRDA:54,5,1,0
BRDA:54,6,0,0
BRDA:54,6,1,0
BRDA:56,7,0,0
BRDA:56,8,0,0
BRDA:56,8,1,0
BRDA:100,9,0,0
BRF:13
BRH:0
end_of_record
TN:
SF:src/http/HttpClient.ts
FN:40,(anonymous_1)
FN:66,(anonymous_2)
FN:69,(anonymous_3)
FN:76,(anonymous_4)
FN:83,(anonymous_5)
FN:94,(anonymous_6)
FN:98,(anonymous_7)
FN:107,(anonymous_8)
FN:111,(anonymous_9)
FN:120,(anonymous_10)
FN:123,(anonymous_11)
FN:132,(anonymous_12)
FN:140,(anonymous_13)
FN:149,(anonymous_14)
FN:168,(anonymous_15)
FN:180,(anonymous_16)
FN:181,(anonymous_17)
FN:192,(anonymous_18)
FN:214,(anonymous_19)
FN:233,(anonymous_20)
FN:244,(anonymous_21)
FN:319,(anonymous_22)
FN:333,(anonymous_23)
FN:353,(anonymous_24)
FN:373,(anonymous_25)
FN:392,(anonymous_26)
FN:410,(anonymous_27)
FN:428,(anonymous_28)
FNF:28
FNH:10
FNDA:4,(anonymous_1)
FNDA:4,(anonymous_2)
FNDA:0,(anonymous_3)
FNDA:0,(anonymous_4)
FNDA:0,(anonymous_5)
FNDA:4,(anonymous_6)
FNDA:0,(anonymous_7)
FNDA:4,(anonymous_8)
FNDA:0,(anonymous_9)
FNDA:4,(anonymous_10)
FNDA:0,(anonymous_11)
FNDA:0,(anonymous_12)
FNDA:0,(anonymous_13)
FNDA:0,(anonymous_14)
FNDA:0,(anonymous_15)
FNDA:0,(anonymous_16)
FNDA:0,(anonymous_17)
FNDA:0,(anonymous_18)
FNDA:0,(anonymous_19)
FNDA:0,(anonymous_20)
FNDA:2,(anonymous_21)
FNDA:2,(anonymous_22)
FNDA:1,(anonymous_23)
FNDA:1,(anonymous_24)
FNDA:0,(anonymous_25)
FNDA:0,(anonymous_26)
FNDA:0,(anonymous_27)
FNDA:2,(anonymous_28)
DA:6,1
DA:16,1
DA:17,1
DA:18,1
DA:19,1
DA:24,1
DA:28,4
DA:30,4
DA:32,4
DA:34,4
DA:42,4
DA:45,4
DA:56,4
DA:59,4
DA:68,4
DA:69,0
DA:70,0
DA:75,4
DA:76,0
DA:77,0
DA:82,4
DA:83,0
DA:84,0
DA:95,4
DA:96,4
DA:98,0
DA:108,4
DA:109,4
DA:111,0
DA:121,4
DA:122,4
DA:123,0
DA:133,0
DA:141,0
DA:150,0
DA:153,0
DA:154,0
DA:158,0
DA:159,0
DA:160,0
DA:169,0
DA:170,0
DA:171,0
DA:172,0
DA:181,0
DA:182,0
DA:184,0
DA:193,0
DA:195,0
DA:196,0
DA:198,0
DA:200,0
DA:206,0
DA:215,0
DA:216,0
DA:220,0
DA:221,0
DA:224,0
DA:225,0
DA:229,0
DA:232,0
DA:233,0
DA:236,0
DA:245,2
DA:246,2
DA:249,2
DA:250,0
DA:251,0
DA:252,0
DA:259,2
DA:260,0
DA:261,0
DA:262,0
DA:267,2
DA:270,2
DA:271,0
DA:272,0
DA:276,2
DA:277,0
DA:281,2
DA:282,0
DA:285,2
DA:288,0
DA:289,0
DA:293,0
DA:296,0
DA:297,0
DA:300,0
DA:301,0
DA:305,0
DA:306,0
DA:310,0
DA:320,2
DA:338,1
DA:358,1
DA:378,0
DA:396,0
DA:415,0
DA:429,2
DA:430,0
DA:433,2
DA:434,2
DA:435,0
DA:438,2
LF:104
LH:39
BRDA:46,0,0,4
BRDA:46,0,1,0
BRDA:47,1,0,4
BRDA:47,1,1,0
BRDA:68,2,0,0
BRDA:68,3,0,4
BRDA:68,3,1,0
BRDA:75,4,0,0
BRDA:75,5,0,4
BRDA:75,5,1,0
BRDA:82,6,0,0
BRDA:82,7,0,4
BRDA:82,7,1,0
BRDA:150,8,0,0
BRDA:153,9,0,0
BRDA:170,10,0,0
BRDA:193,11,0,0
BRDA:193,12,0,0
BRDA:193,12,1,0
BRDA:198,13,0,0
BRDA:215,14,0,0
BRDA:215,15,0,0
BRDA:215,15,1,0
BRDA:221,16,0,0
BRDA:224,17,0,0
BRDA:224,18,0,0
BRDA:224,18,1,0
BRDA:232,19,0,0
BRDA:232,19,1,0
BRDA:249,20,0,0
BRDA:249,21,0,2
BRDA:249,21,1,2
BRDA:251,22,0,0
BRDA:252,23,0,0
BRDA:252,23,1,0
BRDA:252,24,0,0
BRDA:252,24,1,0
BRDA:259,25,0,0
BRDA:261,26,0,0
BRDA:270,27,0,0
BRDA:270,28,0,2
BRDA:270,28,1,2
BRDA:272,29,0,0
BRDA:272,29,1,0
BRDA:276,30,0,0
BRDA:281,31,0,0
BRDA:281,32,0,2
BRDA:281,32,1,2
BRDA:288,33,0,0
BRDA:296,34,0,0
BRDA:296,35,0,0
BRDA:296,35,1,0
BRDA:300,36,0,0
BRDA:300,37,0,0
BRDA:300,37,1,0
BRDA:305,38,0,0
BRDA:320,39,0,2
BRDA:320,39,1,2
BRDA:320,39,2,2
BRDA:320,39,3,2
BRDA:320,39,4,2
BRDA:429,40,0,0
BRDA:434,41,0,0
BRDA:434,42,0,2
BRDA:434,42,1,0
BRDA:435,43,0,0
BRDA:435,43,1,0
BRF:67
BRH:17
end_of_record
TN:
SF:src/http/cache.ts
FN:16,getCacheKey
FN:26,getCache
FN:49,setCache
FN:72,clearCache
FN:79,clearAllCache
FN:81,(anonymous_5)
FN:91,clearExpiredCache
FN:95,(anonymous_7)
FNF:8
FNH:8
FNDA:2,getCacheKey
FNDA:4,getCache
FNDA:3,setCache
FNDA:1,clearCache
FNDA:1,clearAllCache
FNDA:3,(anonymous_5)
FNDA:1,clearExpiredCache
FNDA:3,(anonymous_7)
DA:7,2
DA:10,2
DA:16,2
DA:17,2
DA:18,2
DA:19,2
DA:26,2
DA:27,4
DA:28,4
DA:29,4
DA:31,3
DA:32,2
DA:33,1
DA:34,1
DA:37,1
DA:39,1
DA:49,2
DA:54,3
DA:55,3
DA:56,3
DA:58,3
DA:62,3
DA:64,1
DA:72,2
DA:73,1
DA:79,2
DA:80,1
DA:81,1
DA:82,3
DA:83,2
DA:91,2
DA:92,1
DA:93,1
DA:95,1
DA:96,3
DA:97,3
DA:98,3
DA:99,3
DA:100,3
DA:101,2
DA:102,1
DA:107,1
LF:42
LH:42
BRDA:17,0,0,0
BRDA:17,1,0,1
BRDA:29,2,0,1
BRDA:32,3,0,1
BRDA:56,4,0,3
BRDA:56,4,1,2
BRDA:56,4,2,0
BRDA:82,5,0,2
BRDA:96,6,0,3
BRDA:99,7,0,3
BRDA:101,8,0,1
BRF:11
BRH:9
end_of_record
TN:
SF:src/http/config.ts
FN:32,(anonymous_0)
FN:33,(anonymous_1)
FN:43,configureHttp
FN:61,resetHttpConfig
FN:68,getHttpConfig
FN:77,getErrorMessage
FN:107,getCurrentLanguage
FN:116,getAuthToken
FN:125,handleAuthFailed
FNF:9
FNH:8
FNDA:1,(anonymous_0)
FNDA:0,(anonymous_1)
FNDA:21,configureHttp
FNDA:19,resetHttpConfig
FNDA:13,getHttpConfig
FNDA:6,getErrorMessage
FNDA:2,getCurrentLanguage
FNDA:2,getAuthToken
FNDA:2,handleAuthFailed
DA:8,2
DA:23,2
DA:32,1
DA:33,0
DA:37,2
DA:43,2
DA:44,21
DA:61,2
DA:62,19
DA:68,2
DA:69,13
DA:77,2
DA:78,6
DA:81,6
DA:82,1
DA:83,1
DA:87,5
DA:88,5
DA:89,5
DA:91,5
DA:92,2
DA:95,3
DA:96,2
DA:97,2
DA:101,1
DA:107,2
DA:108,2
DA:116,2
DA:117,2
DA:125,2
DA:126,2
DA:127,1
DA:130,1
DA:131,1
DA:136,2
LF:35
LH:34
BRDA:32,0,0,1
BRDA:32,0,1,0
BRDA:81,1,0,1
BRDA:82,2,0,1
BRDA:82,2,1,0
BRDA:87,3,0,5
BRDA:91,4,0,2
BRDA:95,5,0,2
BRDA:95,6,0,3
BRDA:95,6,1,2
BRDA:96,7,0,2
BRDA:96,7,1,0
BRDA:97,8,0,2
BRDA:97,8,1,0
BRDA:97,8,2,0
BRDA:97,9,0,2
BRDA:97,9,1,0
BRDA:108,10,0,1
BRDA:108,10,1,1
BRDA:110,11,0,1
BRDA:110,11,1,0
BRDA:117,12,0,1
BRDA:117,12,1,1
BRDA:126,13,0,1
BRDA:126,13,1,1
BRF:25
BRH:18
end_of_record
TN:
SF:src/http/interceptors.ts
FN:12,requestInterceptor
FN:54,responseInterceptor
FN:88,errorHandler
FN:147,setupDefaultInterceptors
FNF:4
FNH:1
FNDA:0,requestInterceptor
FNDA:0,responseInterceptor
FNDA:0,errorHandler
FNDA:4,setupDefaultInterceptors
DA:8,1
DA:9,1
DA:12,1
DA:13,0
DA:16,0
DA:17,0
DA:18,0
DA:19,0
DA:20,0
DA:22,0
DA:27,0
DA:28,0
DA:29,0
DA:31,0
DA:34,0
DA:35,0
DA:36,0
DA:40,0
DA:41,0
DA:50,0
DA:54,1
DA:55,0
DA:58,0
DA:63,0
DA:64,0
DA:72,0
DA:73,0
DA:74,0
DA:78,0
DA:79,0
DA:80,0
DA:81,0
DA:84,0
DA:88,1
DA:89,0
DA:94,0
DA:95,0
DA:96,0
DA:97,0
DA:100,0
DA:101,0
DA:110,0
DA:113,0
DA:114,0
DA:117,0
DA:120,0
DA:121,0
DA:130,0
DA:133,0
DA:135,0
DA:136,0
DA:140,0
DA:147,1
DA:148,4
DA:149,4
DA:150,4
DA:154,1
LF:57
LH:10
BRDA:16,0,0,0
BRDA:18,1,0,0
BRDA:19,2,0,0
BRDA:28,3,0,0
BRDA:35,4,0,0
BRDA:35,5,0,0
BRDA:35,5,1,0
BRDA:40,6,0,0
BRDA:40,7,0,0
BRDA:40,7,1,0
BRDA:58,8,0,0
BRDA:63,9,0,0
BRDA:63,10,0,0
BRDA:63,10,1,0
BRDA:73,11,0,0
BRDA:78,12,0,0
BRDA:78,13,0,0
BRDA:78,13,1,0
BRDA:79,14,0,0
BRDA:79,14,1,0
BRDA:94,15,0,0
BRDA:96,16,0,0
BRDA:96,16,1,0
BRDA:100,17,0,0
BRDA:100,18,0,0
BRDA:100,18,1,0
BRDA:103,19,0,0
BRDA:103,19,1,0
BRDA:110,20,0,0
BRDA:110,20,1,0
BRDA:110,20,2,0
BRDA:120,21,0,0
BRDA:123,22,0,0
BRDA:123,22,1,0
BRDA:133,23,0,0
BRF:35
BRH:0
end_of_record
